SF:lib/utils/num_extension.dart
DA:6,3
DA:7,6
DA:10,21
DA:11,3
DA:14,3
DA:15,12
DA:16,3
DA:19,1
DA:20,4
DA:21,1
DA:24,1
DA:25,2
DA:28,4
DA:31,18
LF:14
LH:14
end_of_record
SF:lib/utils/decimal_extension.dart
DA:9,6
DA:10,16
DA:11,9
DA:12,9
DA:13,6
DA:14,3
DA:15,9
DA:17,4
DA:20,1
DA:21,3
DA:22,3
DA:23,3
DA:24,2
DA:25,1
DA:26,3
DA:28,0
DA:33,1
DA:34,1
LF:18
LH:17
end_of_record
SF:lib/utils/string_extension.dart
DA:4,6
LF:1
LH:1
end_of_record
SF:lib/config/config.dart
DA:2,12
DA:3,12
LF:2
LH:2
end_of_record
SF:lib/chain/contract.dart
DA:235,4
LF:1
LH:1
end_of_record
SF:lib/chain/gas.g.dart
DA:13,0
DA:15,0
DA:16,0
DA:17,0
DA:19,0
DA:20,0
DA:21,0
DA:22,0
DA:23,0
DA:24,0
DA:25,0
DA:26,0
DA:27,0
DA:28,0
DA:29,0
DA:30,0
DA:34,0
DA:37,0
DA:38,0
DA:39,0
DA:40,0
DA:41,0
DA:42,0
DA:43,0
DA:44,0
DA:45,0
DA:46,0
DA:47,0
DA:48,0
DA:49,0
DA:50,0
DA:51,0
DA:52,0
DA:53,0
DA:54,0
DA:55,0
DA:56,0
DA:57,0
DA:58,0
DA:59,0
DA:62,0
DA:63,0
DA:65,0
DA:68,0
DA:69,0
DA:70,0
LF:46
LH:0
end_of_record
SF:lib/chain/gas.dart
DA:33,2
DA:36,2
DA:37,2
DA:38,5
DA:39,1
DA:41,2
DA:42,0
DA:43,0
DA:45,2
DA:46,0
DA:47,0
DA:58,24
DA:71,1
DA:72,2
DA:73,2
DA:74,2
DA:75,2
DA:76,2
DA:77,2
DA:78,2
DA:79,2
DA:80,2
DA:81,2
DA:82,2
LF:24
LH:20
end_of_record
SF:lib/common/utils.dart
DA:30,1
DA:31,1
DA:34,2
DA:35,3
DA:37,2
DA:38,2
DA:39,2
DA:48,1
DA:49,1
DA:52,2
DA:53,3
DA:55,2
DA:56,2
DA:57,1
DA:60,1
DA:61,1
DA:62,2
DA:64,1
DA:65,1
DA:66,1
DA:75,0
DA:76,0
DA:77,0
DA:79,0
DA:90,8
DA:91,8
DA:92,16
DA:95,8
DA:96,8
DA:98,8
DA:99,8
DA:102,8
DA:109,1
DA:110,1
DA:111,2
DA:122,1
DA:123,1
DA:124,1
DA:125,1
DA:134,1
DA:136,2
DA:137,1
DA:140,1
DA:141,1
DA:142,1
DA:157,1
DA:158,1
DA:159,2
DA:160,1
DA:161,1
DA:162,1
DA:169,1
DA:171,2
DA:173,4
DA:175,2
DA:177,2
DA:182,2
DA:183,2
DA:184,2
DA:185,2
DA:186,2
DA:187,8
DA:191,1
DA:192,1
DA:193,1
DA:194,3
DA:195,3
DA:197,2
DA:198,5
DA:202,1
DA:203,6
DA:214,6
DA:215,6
DA:219,13
DA:220,4
DA:221,4
DA:223,25
DA:224,2
DA:238,1
DA:240,5
DA:241,10
DA:242,2
DA:243,1
DA:244,2
DA:255,1
DA:256,1
DA:257,3
DA:260,1
DA:261,4
DA:264,1
DA:266,1
DA:267,1
DA:271,6
DA:281,1
DA:282,1
DA:283,1
DA:285,3
DA:286,3
DA:287,3
DA:296,1
DA:297,2
DA:298,0
DA:304,0
DA:312,1
DA:313,1
DA:314,2
DA:321,1
DA:322,1
DA:324,1
DA:327,0
DA:328,0
DA:337,1
DA:339,3
DA:343,1
DA:345,1
DA:346,1
DA:347,2
DA:348,1
DA:358,1
DA:360,1
DA:361,2
DA:362,2
DA:372,2
DA:373,4
DA:374,2
DA:375,6
DA:376,2
DA:379,1
DA:380,1
DA:381,1
DA:382,1
LF:131
LH:123
end_of_record
SF:lib/utils/enum.dart
DA:53,1
DA:54,1
DA:55,2
DA:56,2
DA:57,2
DA:58,2
DA:59,2
DA:60,2
DA:61,2
DA:62,2
DA:63,2
DA:64,2
DA:65,2
DA:68,1
DA:69,1
DA:70,1
DA:71,1
DA:72,1
DA:73,1
DA:74,1
DA:75,1
DA:76,1
DA:77,1
DA:78,1
DA:79,1
DA:80,1
LF:26
LH:26
end_of_record
SF:lib/chain/key.dart
DA:10,1
DA:12,1
DA:13,3
DA:14,1
DA:15,1
DA:18,1
DA:27,1
LF:7
LH:7
end_of_record
SF:lib/store/store.dart
DA:14,10
DA:15,20
DA:18,13
DA:19,26
DA:22,2
DA:23,4
DA:26,1
DA:27,2
DA:30,8
DA:31,32
DA:34,11
DA:35,22
DA:38,1
DA:39,2
DA:42,2
DA:43,6
DA:44,2
DA:48,1
DA:49,3
DA:50,1
DA:54,3
DA:55,6
DA:58,1
DA:59,2
DA:63,77
LF:25
LH:25
end_of_record
SF:lib/chain/lock.g.dart
DA:13,0
DA:15,0
DA:16,0
DA:17,0
DA:19,0
DA:20,0
DA:21,0
DA:22,0
DA:26,0
DA:29,0
DA:30,0
DA:31,0
DA:32,0
DA:33,0
DA:34,0
DA:35,0
DA:38,0
DA:39,0
DA:41,0
DA:44,0
DA:45,0
DA:46,0
LF:22
LH:0
end_of_record
SF:lib/chain/lock.dart
DA:15,1
DA:21,2
DA:22,4
DA:23,4
DA:24,4
DA:27,1
DA:28,1
DA:29,2
DA:30,2
DA:31,2
LF:10
LH:10
end_of_record
SF:lib/chain/net.dart
DA:40,9
DA:41,51
DA:44,1
DA:45,3
DA:48,1
DA:49,2
DA:50,0
DA:52,2
DA:56,1
DA:57,2
DA:58,0
DA:60,2
DA:64,1
DA:65,3
DA:66,4
DA:67,4
DA:68,16
DA:69,35
DA:85,2
DA:86,4
DA:87,4
DA:88,4
DA:89,4
DA:90,4
DA:91,4
DA:92,4
DA:93,4
DA:94,4
DA:95,4
DA:96,4
DA:97,4
DA:98,4
DA:101,36
DA:113,32
DA:125,18
DA:137,16
DA:148,16
DA:160,16
DA:172,16
DA:184,16
DA:196,20
DA:207,3
DA:208,3
DA:209,3
DA:210,3
DA:211,3
DA:212,3
DA:213,3
DA:214,3
DA:215,3
DA:216,3
DA:217,3
DA:221,1
DA:222,1
DA:223,1
DA:224,1
DA:225,1
DA:226,1
DA:228,1
DA:229,1
DA:230,1
DA:231,1
DA:232,1
DA:233,1
DA:234,1
DA:240,5
DA:241,5
DA:242,5
DA:243,5
DA:244,5
DA:245,5
DA:247,5
DA:248,5
DA:249,5
DA:250,5
DA:251,5
DA:252,5
DA:253,5
DA:257,10
DA:258,10
DA:259,0
DA:260,0
DA:261,0
DA:263,0
DA:268,2
DA:269,12
DA:270,2
DA:271,2
DA:273,0
DA:274,0
DA:281,2
DA:282,2
DA:283,4
DA:284,1
DA:285,3
LF:95
LH:87
end_of_record
SF:lib/chain/net.g.dart
DA:13,0
DA:15,0
DA:16,0
DA:17,0
DA:19,0
DA:20,0
DA:21,0
DA:22,0
DA:23,0
DA:24,0
DA:25,0
DA:26,0
DA:27,0
DA:28,0
DA:29,0
DA:30,0
DA:31,0
DA:32,0
DA:36,0
DA:39,0
DA:40,0
DA:41,0
DA:42,0
DA:43,0
DA:44,0
DA:45,0
DA:46,0
DA:47,0
DA:48,0
DA:49,0
DA:50,0
DA:51,0
DA:52,0
DA:53,0
DA:54,0
DA:55,0
DA:56,0
DA:57,0
DA:58,0
DA:59,0
DA:60,0
DA:61,0
DA:62,0
DA:63,0
DA:64,0
DA:65,0
DA:68,0
DA:69,0
DA:71,0
DA:74,0
DA:75,0
DA:76,0
LF:52
LH:0
end_of_record
SF:lib/init/hive.dart
DA:20,1
DA:21,3
DA:22,0
DA:23,0
DA:24,0
DA:25,0
DA:26,0
DA:27,0
DA:28,0
DA:29,0
DA:30,0
DA:31,0
DA:32,0
DA:37,0
DA:38,0
DA:39,0
DA:40,0
DA:42,0
DA:43,0
DA:58,0
DA:59,0
DA:60,0
DA:61,0
DA:62,0
DA:63,0
DA:64,0
DA:65,0
DA:66,0
DA:67,0
DA:68,0
LF:30
LH:2
end_of_record
SF:lib/widgets/style.dart
DA:6,16
DA:7,32
DA:11,1
DA:12,1
DA:15,1
DA:16,1
DA:19,8
DA:20,8
DA:23,9
DA:24,9
DA:27,2
DA:28,2
DA:29,4
DA:32,1
DA:33,1
DA:38,34
DA:39,34
DA:42,18
DA:43,18
DA:46,37
DA:47,37
DA:50,6
DA:51,6
DA:53,4
DA:54,4
LF:25
LH:25
end_of_record
SF:lib/chain/token.dart
DA:24,3
DA:26,2
DA:29,6
DA:30,4
DA:31,2
DA:32,2
DA:33,4
DA:39,3
DA:40,6
DA:41,6
DA:42,6
DA:43,6
DA:44,6
DA:45,6
DA:48,25
LF:15
LH:15
end_of_record
SF:lib/chain/token.g.dart
DA:13,0
DA:15,0
DA:16,0
DA:17,0
DA:19,0
DA:20,0
DA:21,0
DA:22,0
DA:23,0
DA:24,0
DA:25,0
DA:29,0
DA:32,0
DA:33,0
DA:34,0
DA:35,0
DA:36,0
DA:37,0
DA:38,0
DA:39,0
DA:40,0
DA:41,0
DA:42,0
DA:43,0
DA:44,0
DA:47,0
DA:48,0
DA:50,0
DA:53,0
DA:54,0
DA:55,0
LF:31
LH:0
end_of_record
SF:lib/chain/wallet.g.dart
DA:13,0
DA:15,0
DA:16,0
DA:17,0
DA:19,0
DA:20,0
DA:21,0
DA:22,0
DA:23,0
DA:24,0
DA:25,0
DA:26,0
DA:27,0
DA:28,0
DA:29,0
DA:33,0
DA:36,0
DA:37,0
DA:38,0
DA:39,0
DA:40,0
DA:41,0
DA:42,0
DA:43,0
DA:44,0
DA:45,0
DA:46,0
DA:47,0
DA:48,0
DA:49,0
DA:50,0
DA:51,0
DA:52,0
DA:53,0
DA:54,0
DA:55,0
DA:56,0
DA:59,0
DA:60,0
DA:62,0
DA:65,0
DA:66,0
DA:67,0
LF:43
LH:0
end_of_record
SF:lib/chain/wallet.dart
DA:39,14
DA:40,20
DA:41,3
DA:42,27
DA:53,9
DA:54,18
DA:55,18
DA:56,18
DA:57,18
DA:58,18
DA:59,18
DA:60,18
DA:61,18
DA:62,18
DA:63,18
DA:65,9
DA:66,9
DA:67,9
DA:68,9
DA:69,9
DA:70,9
DA:71,9
DA:72,9
DA:73,9
DA:74,9
DA:75,9
DA:76,9
DA:80,1
DA:81,1
DA:82,1
DA:83,1
DA:84,1
DA:85,1
DA:86,1
DA:87,1
DA:88,1
DA:89,1
DA:90,1
DA:91,1
DA:94,1
DA:96,1
DA:97,0
DA:98,1
DA:99,2
DA:101,0
DA:105,0
DA:109,0
DA:116,0
DA:120,0
DA:127,0
DA:129,0
DA:138,0
DA:139,1
DA:140,1
DA:141,2
DA:142,2
DA:143,1
DA:146,1
DA:147,1
DA:151,2
DA:159,2
DA:160,4
DA:162,0
DA:164,2
DA:165,2
DA:168,0
DA:170,0
DA:171,0
DA:172,0
DA:173,0
DA:174,0
DA:175,0
DA:184,0
DA:189,0
DA:191,0
DA:192,0
DA:193,0
DA:194,0
DA:211,2
DA:212,1
DA:213,1
DA:217,1
DA:220,1
DA:221,1
DA:224,2
DA:226,6
DA:227,2
DA:231,0
DA:233,0
DA:234,0
DA:235,0
DA:236,0
DA:237,0
DA:238,0
DA:246,0
DA:249,0
DA:250,0
DA:251,0
DA:252,0
DA:253,0
LF:100
LH:64
end_of_record
SF:lib/common/global.dart
DA:20,2
DA:24,3
DA:33,3
DA:34,2
LF:4
LH:4
end_of_record
SF:lib/common/pk.dart
DA:4,1
DA:5,4
DA:6,3
LF:3
LH:3
end_of_record
SF:lib/common/argon2.dart
DA:8,0
DA:9,0
DA:14,0
DA:15,0
DA:19,0
DA:21,0
DA:23,0
DA:24,0
DA:27,0
DA:28,0
DA:29,0
DA:30,0
DA:31,0
DA:33,0
DA:39,0
DA:41,0
DA:42,0
DA:43,0
DA:44,0
DA:45,0
DA:47,0
DA:48,0
DA:49,0
DA:50,0
DA:52,0
DA:64,0
DA:66,0
DA:67,0
DA:68,0
DA:69,0
DA:70,0
DA:71,0
DA:72,0
DA:73,0
DA:74,0
DA:76,0
LF:36
LH:0
end_of_record
SF:lib/models/nonce_unit.g.dart
DA:13,0
DA:15,0
DA:16,0
DA:17,0
DA:19,0
DA:20,0
DA:21,0
DA:22,0
DA:26,0
DA:29,0
DA:30,0
DA:31,0
DA:32,0
DA:33,0
DA:34,0
DA:35,0
DA:38,0
DA:39,0
DA:41,0
DA:44,0
DA:45,0
DA:46,0
LF:22
LH:0
end_of_record
SF:lib/models/nonce_unit.dart
DA:16,1
DA:22,1
DA:23,2
DA:24,2
DA:25,2
DA:28,1
DA:29,1
DA:30,2
DA:31,2
DA:32,2
LF:10
LH:10
end_of_record
SF:lib/common/cryptography.dart
DA:3,1
DA:4,4
DA:5,2
LF:3
LH:3
end_of_record
SF:lib/models/wallet.dart
DA:27,1
DA:38,1
DA:39,1
DA:40,1
DA:41,1
DA:42,1
DA:43,1
DA:44,1
DA:45,1
DA:46,1
DA:47,1
DA:49,1
DA:50,1
DA:53,1
DA:54,4
DA:61,1
DA:62,1
DA:63,3
DA:64,3
DA:66,1
DA:69,2
DA:72,1
DA:73,3
LF:23
LH:23
end_of_record
SF:lib/models/wallet.g.dart
DA:13,0
DA:15,0
DA:16,0
DA:17,0
DA:19,0
DA:20,0
DA:21,0
DA:22,0
DA:23,0
DA:24,0
DA:25,0
DA:26,0
DA:27,0
DA:28,0
DA:29,0
DA:33,0
DA:36,0
DA:37,0
DA:38,0
DA:39,0
DA:40,0
DA:41,0
DA:42,0
DA:43,0
DA:44,0
DA:45,0
DA:46,0
DA:47,0
DA:48,0
DA:49,0
DA:50,0
DA:51,0
DA:52,0
DA:53,0
DA:54,0
DA:55,0
DA:56,0
DA:59,0
DA:60,0
DA:62,0
DA:65,0
DA:66,0
DA:67,0
LF:43
LH:0
end_of_record
SF:lib/common/shared_preferences.dart
DA:6,0
DA:7,0
DA:10,0
DA:11,0
DA:14,0
DA:15,0
DA:21,2
DA:22,3
DA:24,1
DA:26,1
DA:30,0
DA:32,0
LF:12
LH:4
end_of_record
SF:lib/models/private.dart
DA:4,1
DA:5,1
DA:6,3
DA:9,1
DA:10,1
DA:11,1
LF:6
LH:6
end_of_record
SF:lib/request/global.dart
DA:9,1
DA:10,2
DA:16,1
DA:17,2
DA:20,1
DA:22,1
DA:23,1
DA:24,1
DA:25,1
DA:27,1
DA:28,0
DA:30,1
DA:31,0
DA:33,1
DA:34,2
DA:37,0
DA:41,1
DA:42,1
DA:43,1
DA:44,1
DA:46,1
DA:47,0
DA:49,1
DA:50,0
DA:52,1
DA:53,3
DA:56,0
LF:27
LH:21
end_of_record
SF:lib/models/address.dart
DA:12,3
DA:13,4
LF:2
LH:2
end_of_record
SF:lib/models/address.g.dart
DA:13,0
DA:15,0
DA:16,0
DA:17,0
DA:19,0
DA:20,0
DA:21,0
DA:22,0
DA:26,0
DA:29,0
DA:30,0
DA:31,0
DA:32,0
DA:33,0
DA:34,0
DA:35,0
DA:38,0
DA:39,0
DA:41,0
DA:44,0
DA:45,0
DA:46,0
LF:22
LH:0
end_of_record
SF:lib/models/cacheMessage.dart
DA:41,3
DA:58,1
DA:59,1
DA:60,3
DA:62,2
LF:5
LH:5
end_of_record
SF:lib/models/cacheMessage.g.dart
DA:13,0
DA:15,0
DA:16,0
DA:17,0
DA:19,0
DA:20,0
DA:21,0
DA:22,0
DA:23,0
DA:24,0
DA:25,0
DA:26,0
DA:27,0
DA:28,0
DA:29,0
DA:30,0
DA:31,0
DA:32,0
DA:33,0
DA:34,0
DA:35,0
DA:39,0
DA:42,0
DA:43,0
DA:44,0
DA:45,0
DA:46,0
DA:47,0
DA:48,0
DA:49,0
DA:50,0
DA:51,0
DA:52,0
DA:53,0
DA:54,0
DA:55,0
DA:56,0
DA:57,0
DA:58,0
DA:59,0
DA:60,0
DA:61,0
DA:62,0
DA:63,0
DA:64,0
DA:65,0
DA:66,0
DA:67,0
DA:68,0
DA:69,0
DA:70,0
DA:71,0
DA:72,0
DA:73,0
DA:74,0
DA:77,0
DA:78,0
DA:80,0
DA:83,0
DA:84,0
DA:85,0
LF:61
LH:0
end_of_record
SF:lib/models/nonce.g.dart
DA:13,0
DA:15,0
DA:16,0
DA:17,0
DA:19,0
DA:20,0
DA:21,0
DA:25,0
DA:28,0
DA:29,0
DA:30,0
DA:31,0
DA:32,0
DA:35,0
DA:36,0
DA:38,0
DA:41,0
DA:42,0
DA:43,0
DA:50,0
DA:52,0
DA:53,0
DA:54,0
DA:56,0
DA:57,0
DA:58,0
DA:59,0
DA:60,0
DA:64,0
DA:67,0
DA:68,0
DA:69,0
DA:70,0
DA:71,0
DA:72,0
DA:73,0
DA:74,0
DA:75,0
DA:78,0
DA:79,0
DA:81,0
DA:84,0
DA:85,0
DA:86,0
LF:44
LH:0
end_of_record
SF:lib/models/nonce.dart
DA:10,1
DA:14,1
DA:15,2
DA:16,2
DA:18,1
DA:19,3
DA:33,1
LF:7
LH:7
end_of_record
SF:lib/models/chain_info.dart
DA:9,2
DA:17,1
DA:18,3
DA:19,3
DA:20,3
DA:21,3
DA:22,3
DA:31,1
DA:32,1
DA:33,3
DA:34,3
DA:35,3
DA:36,3
DA:37,3
LF:14
LH:14
end_of_record
SF:lib/models/filMessage.g.dart
DA:13,0
DA:15,0
DA:16,0
DA:17,0
DA:19,0
DA:20,0
DA:21,0
DA:22,0
DA:23,0
DA:24,0
DA:25,0
DA:26,0
DA:27,0
DA:28,0
DA:29,0
DA:30,0
DA:34,0
DA:37,0
DA:38,0
DA:39,0
DA:40,0
DA:41,0
DA:42,0
DA:43,0
DA:44,0
DA:45,0
DA:46,0
DA:47,0
DA:48,0
DA:49,0
DA:50,0
DA:51,0
DA:52,0
DA:53,0
DA:54,0
DA:55,0
DA:56,0
DA:57,0
DA:58,0
DA:59,0
DA:62,0
DA:63,0
DA:65,0
DA:68,0
DA:69,0
DA:70,0
DA:77,0
DA:79,0
DA:80,0
DA:81,0
DA:83,0
DA:84,0
DA:85,0
DA:89,0
DA:92,0
DA:93,0
DA:94,0
DA:95,0
DA:96,0
DA:99,0
DA:100,0
DA:102,0
DA:105,0
DA:106,0
DA:107,0
DA:114,0
DA:116,0
DA:117,0
DA:118,0
DA:120,0
DA:121,0
DA:122,0
DA:126,0
DA:129,0
DA:130,0
DA:131,0
DA:132,0
DA:133,0
DA:136,0
DA:137,0
DA:139,0
DA:142,0
DA:143,0
DA:144,0
LF:84
LH:0
end_of_record
SF:lib/models/filMessage.dart
DA:29,1
DA:42,1
DA:43,1
DA:44,1
DA:45,1
DA:46,1
DA:47,1
DA:48,1
DA:49,1
DA:50,1
DA:51,1
DA:52,1
DA:53,1
DA:54,1
DA:58,1
DA:59,1
DA:60,1
DA:61,1
DA:62,1
DA:63,1
DA:64,1
DA:65,1
DA:66,1
DA:67,1
DA:68,1
DA:69,1
DA:73,1
DA:75,2
DA:76,2
DA:77,2
DA:78,2
DA:79,2
DA:80,2
DA:81,1
DA:82,1
DA:83,1
DA:84,2
DA:85,2
DA:86,2
DA:100,1
DA:102,1
DA:103,1
DA:104,1
DA:106,1
DA:107,1
DA:108,1
DA:109,1
DA:121,1
DA:123,1
DA:124,1
DA:125,1
DA:126,1
DA:130,1
DA:131,1
DA:132,2
DA:133,1
LF:56
LH:56
end_of_record
SF:lib/models/gas_response.dart
DA:9,2
DA:17,1
DA:18,2
DA:19,2
DA:20,2
DA:21,2
DA:22,2
DA:23,2
DA:32,1
DA:33,1
DA:34,2
DA:35,2
DA:36,2
DA:37,2
DA:38,2
DA:39,2
LF:16
LH:16
end_of_record
SF:lib/models/token_info.dart
DA:5,3
DA:9,1
DA:10,2
DA:11,2
DA:16,1
DA:17,1
DA:18,2
DA:19,2
LF:8
LH:8
end_of_record
SF:lib/models/transaction_response.dart
DA:5,2
DA:9,1
DA:10,2
DA:11,2
DA:16,1
DA:17,1
DA:18,2
DA:19,2
LF:8
LH:8
end_of_record
SF:lib/repository/http/http.dart
DA:10,3
DA:15,1
DA:16,2
DA:19,1
DA:21,1
DA:23,2
DA:25,3
DA:26,3
DA:28,3
DA:29,3
DA:33,0
DA:34,0
DA:37,1
LF:13
LH:11
end_of_record
SF:lib/repository/http/interceptors.dart
DA:7,1
DA:9,1
DA:12,1
DA:14,3
DA:15,5
DA:16,1
DA:18,2
DA:19,0
DA:20,0
DA:21,0
DA:22,0
DA:24,0
DA:25,0
DA:30,1
DA:32,1
DA:43,0
DA:45,0
DA:47,0
DA:50,0
DA:51,0
DA:52,0
DA:53,0
DA:54,0
DA:58,0
DA:59,0
DA:60,0
DA:61,0
LF:27
LH:9
end_of_record
SF:lib/repository/web3/json_rpc.dart
DA:8,2
DA:16,1
DA:17,0
DA:19,1
DA:23,2
DA:26,4
DA:28,1
DA:29,1
DA:32,0
DA:33,0
DA:34,0
DA:35,0
DA:36,0
DA:37,0
DA:38,0
DA:39,0
DA:42,0
DA:43,0
LF:18
LH:7
end_of_record
SF:lib/repository/web3/rpc_http.dart
DA:9,6
DA:14,2
DA:15,4
DA:18,2
DA:20,2
DA:21,4
DA:22,6
DA:23,6
DA:24,6
DA:25,6
DA:29,0
DA:30,0
DA:33,1
LF:13
LH:11
end_of_record
SF:lib/repository/web3/rpc_interceptors.dart
DA:7,1
DA:10,1
DA:13,0
DA:15,0
DA:18,0
DA:21,0
DA:32,3
DA:34,1
DA:36,4
DA:39,1
DA:40,1
DA:41,2
DA:42,2
DA:43,2
DA:47,1
DA:48,2
DA:49,2
DA:50,2
LF:18
LH:14
end_of_record
SF:lib/repository/web3/web3.dart
DA:11,2
DA:12,4
DA:15,2
DA:17,2
DA:18,6
DA:19,6
LF:6
LH:6
end_of_record
SF:lib/request/ether.dart
DA:19,2
DA:20,2
DA:21,2
DA:22,3
DA:23,4
DA:30,1
DA:32,3
DA:33,3
DA:34,1
DA:35,1
DA:36,1
DA:37,2
DA:38,2
DA:39,2
DA:40,2
DA:41,2
DA:44,1
DA:45,2
DA:46,2
DA:47,2
DA:48,2
DA:52,0
DA:66,1
DA:68,3
DA:69,2
DA:70,1
DA:80,1
DA:82,2
DA:83,0
DA:84,0
DA:85,0
DA:96,1
DA:99,4
DA:100,2
DA:113,1
DA:114,2
DA:115,2
DA:118,2
DA:120,1
DA:121,2
DA:122,0
DA:123,0
DA:124,0
DA:125,0
DA:142,1
DA:143,1
DA:144,1
DA:145,1
DA:147,1
DA:149,2
DA:150,3
DA:152,1
DA:153,4
DA:154,3
DA:155,2
DA:156,2
DA:157,2
DA:160,1
DA:163,3
DA:164,2
DA:165,2
DA:167,1
DA:170,2
DA:171,1
DA:172,1
DA:173,1
DA:175,3
DA:177,1
DA:180,2
DA:183,0
DA:190,0
DA:191,0
DA:193,0
DA:196,0
DA:209,2
DA:211,6
DA:212,2
DA:214,0
DA:228,0
DA:237,0
DA:239,0
DA:240,0
DA:241,0
DA:242,0
DA:243,0
DA:244,0
DA:245,0
DA:247,0
DA:250,0
DA:251,0
DA:252,0
DA:253,0
DA:254,0
DA:256,0
DA:259,0
DA:262,0
DA:263,0
DA:268,0
DA:269,0
DA:286,0
DA:295,0
DA:296,0
DA:297,0
DA:298,0
DA:300,0
DA:301,0
DA:302,0
DA:304,0
DA:305,0
DA:306,0
DA:307,0
DA:311,0
DA:312,0
DA:322,1
DA:323,1
DA:328,2
DA:329,2
DA:331,0
DA:332,4
DA:333,0
DA:335,0
DA:336,0
DA:337,0
DA:338,0
DA:339,0
DA:340,0
DA:341,0
DA:356,1
DA:358,3
DA:359,1
DA:370,1
DA:371,3
DA:392,1
DA:393,1
DA:404,1
DA:405,1
DA:408,0
DA:410,0
LF:138
LH:78
end_of_record
SF:lib/request/filecoin.dart
DA:21,1
DA:22,1
DA:23,2
DA:24,3
DA:25,2
DA:26,5
DA:27,1
DA:28,1
DA:31,6
DA:32,4
DA:35,0
DA:40,1
DA:42,3
DA:45,3
DA:49,1
DA:50,2
DA:51,1
DA:60,0
DA:64,1
DA:65,1
DA:67,1
DA:68,1
DA:69,2
DA:70,5
DA:78,0
DA:81,0
DA:82,0
DA:83,0
DA:95,1
DA:96,1
DA:114,0
DA:122,0
DA:130,0
DA:131,0
DA:132,0
DA:136,0
DA:137,0
DA:139,0
DA:142,0
DA:144,0
DA:146,0
DA:148,0
DA:150,0
DA:151,0
DA:154,0
DA:156,0
DA:169,0
DA:174,0
DA:175,0
DA:181,0
DA:182,0
DA:195,0
DA:196,0
DA:198,0
DA:199,0
DA:200,0
DA:202,0
DA:203,0
DA:204,0
DA:205,0
DA:206,0
DA:207,0
DA:210,0
DA:211,0
DA:215,0
DA:221,0
DA:222,0
DA:224,0
DA:227,0
DA:243,0
DA:245,0
DA:246,0
DA:248,0
DA:257,1
DA:258,1
DA:260,4
DA:261,0
DA:263,1
DA:290,1
DA:300,1
DA:308,1
DA:316,1
DA:330,1
DA:338,1
DA:348,1
DA:357,1
DA:358,1
DA:364,0
DA:372,0
DA:373,0
DA:374,0
DA:378,0
DA:379,0
DA:382,0
DA:387,0
DA:388,0
DA:389,0
DA:394,0
DA:395,0
DA:396,0
DA:397,0
DA:398,0
DA:399,0
DA:400,0
LF:104
LH:37
end_of_record
SF:lib/init/device.dart
DA:5,1
DA:6,0
DA:7,0
DA:9,2
DA:10,1
DA:12,2
DA:14,2
DA:15,1
DA:17,2
LF:9
LH:7
end_of_record
SF:lib/routes/address.dart
DA:9,1
DA:10,1
DA:12,1
DA:13,1
DA:15,1
DA:16,1
DA:18,1
DA:19,5
LF:8
LH:8
end_of_record
SF:lib/routes/create.dart
DA:10,1
DA:11,1
DA:12,1
DA:13,1
DA:15,1
DA:16,1
DA:17,1
DA:18,1
DA:20,1
DA:21,1
DA:22,1
DA:23,1
DA:24,1
DA:25,1
LF:14
LH:14
end_of_record
SF:lib/routes/init.dart
DA:7,1
DA:8,1
DA:9,1
DA:11,0
DA:13,1
DA:14,2
LF:6
LH:5
end_of_record
SF:lib/routes/net.dart
DA:7,1
DA:8,1
DA:9,1
DA:10,1
DA:11,1
DA:12,3
LF:6
LH:6
end_of_record
SF:lib/routes/other.dart
DA:7,1
DA:8,1
DA:9,1
DA:10,1
DA:11,1
DA:12,1
DA:13,4
LF:7
LH:7
end_of_record
SF:lib/routes/pass.dart
DA:6,1
DA:7,1
DA:8,1
DA:9,1
DA:10,2
LF:5
LH:5
end_of_record
SF:lib/routes/routes.dart
DA:13,0
DA:14,1
DA:15,1
DA:17,2
DA:18,2
DA:19,2
DA:20,2
DA:21,2
DA:22,2
DA:23,2
DA:24,2
LF:11
LH:10
end_of_record
SF:lib/routes/transfer.dart
DA:8,1
DA:9,1
DA:11,1
DA:12,1
DA:13,1
DA:14,1
DA:15,4
LF:7
LH:7
end_of_record
SF:lib/routes/wallet.dart
DA:12,1
DA:13,1
DA:14,1
DA:15,1
DA:16,1
DA:18,1
DA:19,1
DA:20,1
DA:21,1
DA:22,1
DA:24,1
DA:25,1
DA:26,1
DA:27,1
DA:28,1
DA:29,1
DA:30,1
DA:31,1
LF:18
LH:18
end_of_record
SF:lib/actions/event.dart
DA:7,1
LF:1
LH:1
end_of_record
SF:lib/app.dart
DA:28,0
DA:33,0
DA:35,0
DA:37,0
DA:44,0
DA:46,0
DA:47,0
DA:48,0
DA:49,0
DA:52,0
DA:54,0
DA:55,0
DA:58,0
DA:60,0
DA:61,0
DA:62,0
DA:63,0
DA:64,0
DA:65,0
DA:72,0
DA:74,0
DA:75,0
DA:78,0
DA:79,0
DA:80,0
DA:81,0
DA:84,0
DA:85,0
DA:86,0
DA:88,0
DA:89,0
DA:97,0
DA:99,0
DA:100,0
DA:101,0
DA:105,0
DA:107,0
DA:108,0
DA:110,0
DA:111,0
DA:112,0
DA:113,0
DA:115,0
DA:116,0
DA:118,0
DA:119,0
DA:122,0
DA:124,0
DA:125,0
DA:126,0
DA:128,0
DA:130,0
DA:131,0
DA:132,0
DA:133,0
DA:135,0
DA:136,0
DA:143,0
DA:148,0
DA:149,0
DA:150,0
DA:152,0
DA:153,0
DA:154,0
DA:155,0
DA:156,0
LF:66
LH:0
end_of_record
SF:lib/bloc/connect/connect_event.dart
DA:4,1
DA:9,1
DA:14,1
DA:20,1
LF:4
LH:4
end_of_record
SF:lib/bloc/connect/connect_bloc.dart
DA:11,3
DA:13,2
DA:14,4
DA:17,2
DA:18,4
DA:21,2
DA:22,3
LF:7
LH:7
end_of_record
SF:lib/bloc/connect/connect_state.dart
DA:7,1
DA:8,3
DA:10,1
DA:15,1
DA:16,1
DA:22,1
DA:26,1
DA:27,1
DA:28,1
DA:32,1
DA:36,1
LF:11
LH:11
end_of_record
SF:lib/bloc/lock/lock_state.dart
DA:8,1
DA:9,1
DA:11,4
DA:13,1
DA:15,1
DA:17,0
DA:20,1
DA:26,1
DA:31,1
DA:32,0
DA:33,0
DA:34,0
LF:12
LH:8
end_of_record
SF:lib/bloc/lock/lock_event.dart
DA:4,1
DA:11,1
LF:2
LH:2
end_of_record
SF:lib/bloc/lock/lock_bloc.dart
DA:14,3
DA:15,2
DA:18,2
DA:19,6
DA:21,5
DA:22,1
DA:23,1
LF:7
LH:7
end_of_record
SF:lib/bloc/main/main_bloc.dart
DA:18,6
DA:19,4
DA:20,2
DA:21,2
DA:22,2
DA:23,2
DA:24,6
DA:30,2
DA:31,0
DA:32,0
DA:33,0
DA:34,0
DA:35,0
DA:36,0
DA:37,0
DA:38,0
DA:39,0
DA:41,0
DA:44,2
DA:45,0
LF:20
LH:9
end_of_record
SF:lib/bloc/main/main_state.dart
DA:10,2
DA:18,2
DA:19,2
DA:20,2
DA:21,2
DA:22,2
DA:30,0
DA:37,0
DA:38,0
DA:39,0
DA:40,0
DA:41,0
DA:42,0
DA:46,2
DA:50,2
DA:56,2
DA:58,12
LF:17
LH:10
end_of_record
SF:lib/bloc/main/main_event.dart
DA:4,2
DA:9,2
DA:16,0
LF:3
LH:2
end_of_record
SF:lib/common/navigation.dart
DA:7,0
DA:9,0
DA:12,0
DA:14,0
DA:15,0
DA:16,0
DA:20,0
DA:22,0
DA:23,0
DA:24,0
DA:28,0
LF:11
LH:0
end_of_record
SF:lib/i10n/localization.dart
DA:13,1
DA:14,5
DA:17,1
DA:18,2
DA:19,1
DA:21,1
DA:22,1
DA:23,1
DA:24,1
DA:25,1
DA:26,1
DA:28,1
DA:29,2
DA:30,1
DA:32,1
DA:34,1
DA:35,2
DA:37,1
DA:38,2
DA:40,1
DA:43,1
DA:47,1
DA:49,1
DA:52,1
DA:54,1
DA:57,1
DA:59,2
DA:62,1
DA:64,1
DA:67,1
DA:69,2
DA:72,1
DA:74,2
DA:77,1
DA:79,1
DA:82,1
DA:84,1
DA:87,1
DA:89,1
DA:92,1
DA:93,2
DA:95,1
DA:96,2
DA:98,1
DA:99,2
DA:101,1
DA:103,2
DA:106,1
DA:108,4
DA:111,1
DA:113,2
DA:116,1
DA:118,3
DA:121,1
DA:123,2
DA:126,1
DA:128,3
DA:134,0
DA:135,0
DA:136,0
DA:137,0
DA:142,55
DA:144,0
DA:146,0
DA:149,0
DA:151,0
DA:154,0
LF:67
LH:58
end_of_record
SF:lib/lang/index.dart
DA:8,1
DA:10,1
LF:2
LH:2
end_of_record
SF:lib/pages/home/index.dart
DA:41,0
DA:43,0
DA:61,0
DA:62,0
DA:70,0
DA:72,0
DA:73,0
DA:74,0
DA:75,0
DA:76,0
DA:79,0
DA:84,0
DA:85,0
DA:86,0
DA:88,0
DA:89,0
DA:95,0
DA:96,0
DA:97,0
DA:98,0
DA:99,0
DA:100,0
DA:101,0
DA:102,0
DA:104,0
DA:105,0
DA:106,0
DA:107,0
DA:108,0
DA:109,0
DA:110,0
DA:111,0
DA:115,0
DA:120,0
DA:124,0
DA:126,0
DA:128,0
DA:129,0
DA:130,0
DA:131,0
DA:132,0
DA:133,0
DA:134,0
DA:135,0
DA:137,0
DA:141,0
DA:143,0
DA:150,0
DA:152,0
DA:153,0
DA:154,0
DA:155,0
DA:156,0
DA:157,0
DA:160,0
DA:162,0
DA:163,0
DA:164,0
DA:165,0
DA:166,0
DA:167,0
DA:168,0
DA:171,0
DA:180,0
DA:181,0
DA:182,0
DA:183,0
DA:184,0
DA:185,0
DA:191,0
DA:192,0
DA:194,0
DA:196,0
DA:197,0
DA:198,0
DA:199,0
DA:200,0
DA:203,0
DA:204,0
DA:206,0
DA:207,0
DA:208,0
DA:210,0
DA:211,0
DA:217,0
DA:219,0
DA:220,0
DA:221,0
DA:222,0
DA:223,0
DA:224,0
DA:225,0
DA:226,0
DA:229,0
DA:230,0
DA:233,0
DA:234,0
DA:235,0
DA:236,0
DA:237,0
DA:238,0
DA:240,0
DA:241,0
DA:244,0
DA:246,0
DA:247,0
DA:248,0
DA:249,0
DA:250,0
DA:251,0
DA:252,0
DA:254,0
DA:256,0
DA:261,0
DA:262,0
DA:263,0
DA:264,0
DA:265,0
DA:272,0
DA:275,0
DA:276,0
DA:277,0
DA:280,0
DA:281,0
DA:283,0
DA:284,0
DA:285,0
DA:288,0
DA:289,0
DA:290,0
DA:292,0
DA:293,0
DA:294,0
DA:295,0
DA:298,0
DA:299,0
DA:300,0
DA:302,0
DA:308,0
DA:311,0
DA:313,0
DA:314,0
DA:316,0
DA:318,0
DA:319,0
DA:321,0
DA:323,0
DA:324,0
DA:325,0
DA:327,0
DA:330,0
DA:331,0
DA:332,0
DA:333,0
DA:335,0
DA:336,0
DA:337,0
DA:338,0
DA:339,0
DA:340,0
DA:344,0
DA:347,0
DA:348,0
DA:349,0
DA:350,0
DA:351,0
DA:352,0
DA:354,0
DA:357,0
DA:358,0
DA:360,0
DA:361,0
DA:362,0
DA:363,0
DA:366,0
DA:367,0
DA:378,0
DA:381,0
DA:382,0
DA:385,0
DA:386,0
DA:387,0
DA:388,0
DA:389,0
DA:390,0
DA:397,0
DA:398,0
DA:410,0
DA:411,0
DA:412,0
DA:413,0
DA:415,0
DA:416,0
DA:417,0
DA:425,0
DA:426,0
DA:427,0
DA:428,0
DA:432,0
DA:435,0
DA:438,0
DA:439,0
DA:440,0
DA:441,0
DA:442,0
DA:443,0
DA:444,0
DA:445,0
DA:446,0
DA:447,0
DA:448,0
DA:450,0
DA:451,0
DA:452,0
DA:453,0
DA:455,0
DA:456,0
DA:461,0
DA:462,0
DA:463,0
DA:464,0
DA:466,0
DA:467,0
DA:468,0
DA:469,0
DA:470,0
DA:473,0
DA:474,0
DA:477,0
DA:478,0
DA:479,0
DA:481,0
DA:484,0
DA:485,0
DA:486,0
DA:488,0
DA:490,0
DA:491,0
DA:492,0
DA:494,0
DA:495,0
DA:496,0
DA:498,0
DA:499,0
DA:500,0
DA:506,0
DA:507,0
DA:508,0
DA:516,0
DA:518,0
DA:519,0
DA:520,0
DA:522,0
DA:523,0
DA:524,0
DA:525,0
DA:526,0
DA:527,0
DA:528,0
DA:530,0
DA:531,0
DA:532,0
DA:533,0
DA:535,0
DA:536,0
DA:541,0
DA:543,0
DA:544,0
DA:545,0
DA:546,0
DA:548,0
DA:549,0
DA:550,0
DA:551,0
DA:552,0
DA:554,0
DA:556,0
DA:557,0
DA:558,0
DA:559,0
DA:561,0
DA:567,0
DA:568,0
DA:569,0
DA:578,0
DA:579,0
DA:580,0
DA:581,0
DA:582,0
DA:583,0
DA:584,0
DA:587,0
DA:588,0
DA:589,0
DA:591,0
DA:593,0
DA:595,0
DA:598,0
DA:600,0
DA:603,0
DA:604,0
DA:605,0
DA:607,0
DA:609,0
DA:610,0
DA:617,0
DA:619,0
DA:620,0
DA:621,0
LF:309
LH:0
end_of_record
SF:lib/bloc/add/add_bloc.dart
DA:14,6
DA:15,4
DA:18,4
DA:20,2
DA:22,4
DA:24,2
LF:6
LH:6
end_of_record
SF:lib/bloc/add/add_state.dart
DA:5,57
DA:7,0
DA:8,0
DA:10,0
DA:11,0
DA:15,0
DA:16,0
DA:17,0
DA:21,0
DA:22,0
DA:23,0
DA:24,0
LF:12
LH:1
end_of_record
SF:lib/bloc/add/add_event.dart
DA:4,2
DA:9,0
DA:15,2
DA:20,2
LF:4
LH:3
end_of_record
SF:lib/bloc/address/address_event.dart
DA:4,3
DA:10,3
DA:16,0
DA:21,0
LF:4
LH:2
end_of_record
SF:lib/bloc/address/address_bloc.dart
DA:14,9
DA:15,6
DA:17,19
DA:18,12
DA:20,3
DA:22,0
DA:23,0
DA:24,0
DA:25,0
DA:27,3
DA:28,0
LF:11
LH:6
end_of_record
SF:lib/bloc/address/address_state.dart
DA:6,58
DA:8,3
DA:12,3
DA:13,3
DA:14,0
DA:15,0
DA:19,0
DA:20,0
DA:21,0
DA:22,0
DA:26,0
DA:27,0
DA:28,0
DA:32,3
DA:33,9
LF:15
LH:6
end_of_record
SF:lib/bloc/create/create_bloc.dart
DA:10,6
DA:11,4
DA:14,4
DA:15,12
DA:17,3
DA:18,4
DA:19,5
DA:20,2
DA:21,1
DA:22,4
DA:24,3
DA:25,5
DA:26,5
DA:27,2
DA:28,1
DA:29,4
LF:16
LH:16
end_of_record
SF:lib/bloc/create/create_event.dart
DA:4,2
DA:11,2
DA:16,1
DA:21,1
LF:4
LH:4
end_of_record
SF:lib/bloc/create/create_state.dart
DA:8,57
DA:10,2
DA:19,2
DA:20,2
DA:21,1
DA:22,1
DA:23,2
DA:24,2
DA:28,1
DA:29,1
DA:30,0
DA:31,0
DA:32,0
DA:37,2
DA:38,10
LF:15
LH:12
end_of_record
SF:lib/bloc/gas/gas_event.dart
DA:13,0
DA:17,1
DA:24,2
DA:29,1
DA:34,1
DA:39,1
LF:6
LH:5
end_of_record
SF:lib/bloc/gas/gas_state.dart
DA:11,2
DA:13,2
DA:14,2
DA:15,2
DA:16,2
DA:17,2
DA:18,2
DA:21,3
DA:30,3
DA:31,3
DA:41,2
DA:49,2
DA:50,1
DA:51,2
DA:52,2
DA:53,2
DA:54,2
DA:55,2
LF:18
LH:18
end_of_record
SF:lib/bloc/gas/gas_bloc.dart
DA:22,9
DA:23,4
DA:24,3
DA:26,3
DA:28,0
DA:29,0
DA:30,0
DA:31,0
DA:32,0
DA:33,0
DA:34,0
DA:36,0
DA:37,0
DA:43,0
DA:45,0
DA:46,0
DA:49,0
DA:50,0
DA:52,0
DA:53,0
DA:54,0
DA:55,0
DA:56,0
DA:59,0
DA:63,0
DA:64,0
DA:65,0
DA:67,0
DA:68,0
DA:71,0
DA:72,0
DA:76,5
DA:78,8
DA:80,4
DA:81,4
DA:82,0
DA:83,0
DA:84,0
DA:85,0
DA:86,0
DA:88,0
DA:89,0
DA:91,0
DA:92,0
DA:94,0
DA:95,0
DA:96,0
DA:100,4
DA:101,4
DA:104,4
DA:105,4
DA:108,4
DA:109,4
DA:114,1
DA:116,2
DA:117,3
DA:118,1
DA:119,1
DA:120,1
DA:126,1
DA:128,4
LF:61
LH:22
end_of_record
SF:lib/bloc/wallet/wallet_event.dart
DA:4,1
DA:13,0
DA:17,1
DA:26,0
DA:34,0
DA:39,0
LF:6
LH:2
end_of_record
SF:lib/bloc/wallet/wallet_state.dart
DA:12,1
DA:14,1
DA:15,1
DA:16,1
DA:17,1
DA:18,1
DA:21,1
DA:29,1
DA:30,1
DA:33,1
DA:40,1
DA:48,1
DA:49,1
DA:50,0
DA:51,0
DA:52,0
DA:54,1
DA:58,0
DA:59,0
DA:60,0
DA:62,0
DA:63,0
DA:64,0
DA:65,0
DA:71,0
DA:72,0
DA:73,0
DA:75,0
DA:77,0
LF:29
LH:14
end_of_record
SF:lib/bloc/wallet/wallet_bloc.dart
DA:17,3
DA:23,1
DA:25,0
DA:26,0
DA:27,0
DA:28,0
DA:29,0
DA:30,0
DA:31,0
DA:32,0
DA:34,0
DA:37,0
DA:38,0
DA:39,0
DA:40,0
DA:41,0
DA:42,0
DA:46,0
DA:49,0
DA:50,0
DA:51,0
DA:53,0
DA:54,0
DA:56,0
DA:60,0
DA:61,0
DA:62,0
DA:67,1
DA:69,0
DA:70,0
DA:71,0
DA:72,0
DA:73,0
DA:77,0
DA:80,0
DA:81,0
DA:84,0
DA:89,1
DA:91,0
DA:92,0
DA:93,0
DA:94,0
DA:95,0
DA:96,0
DA:97,0
DA:98,0
DA:99,0
DA:100,0
DA:103,0
DA:104,0
DA:105,0
DA:107,0
DA:108,0
DA:110,0
DA:113,0
DA:115,0
DA:121,1
DA:122,0
DA:125,2
DA:126,3
DA:127,1
DA:130,2
DA:137,0
DA:140,0
DA:141,0
DA:146,0
DA:148,0
DA:149,0
DA:150,0
DA:151,0
DA:152,0
DA:153,0
DA:154,0
DA:155,0
DA:156,0
DA:157,0
DA:159,0
DA:160,0
DA:161,0
DA:162,0
DA:164,0
DA:166,0
DA:167,0
DA:169,0
DA:170,0
DA:171,0
DA:172,0
DA:174,0
DA:177,0
DA:183,0
DA:191,0
DA:193,0
DA:194,0
DA:195,0
DA:196,0
DA:197,0
DA:198,0
DA:200,0
DA:204,0
DA:205,0
DA:206,0
DA:207,0
DA:208,0
DA:209,0
DA:210,0
DA:211,0
DA:212,0
DA:214,0
DA:215,0
DA:216,0
DA:217,0
DA:218,0
DA:220,0
DA:222,0
DA:230,0
DA:231,0
DA:233,0
DA:234,0
DA:235,0
DA:236,0
DA:237,0
DA:238,0
DA:239,0
DA:240,0
DA:241,0
DA:242,0
DA:243,0
DA:244,0
DA:247,0
DA:248,0
DA:249,0
DA:250,0
DA:251,0
DA:252,0
DA:253,0
DA:254,0
DA:255,0
DA:256,0
DA:257,0
DA:258,0
DA:259,0
DA:260,0
DA:261,0
DA:262,0
DA:263,0
DA:264,0
DA:270,2
DA:272,2
DA:273,4
DA:275,1
DA:277,0
DA:278,0
DA:281,0
DA:284,0
DA:286,2
DA:290,0
DA:292,0
DA:293,0
DA:294,0
DA:296,0
DA:297,0
DA:298,0
DA:300,0
DA:304,0
DA:305,0
DA:306,0
DA:307,0
DA:308,0
DA:309,0
DA:312,0
DA:314,0
DA:315,0
DA:316,0
LF:173
LH:14
end_of_record
SF:lib/widgets/toast.dart
DA:9,5
DA:10,1
DA:12,1
DA:13,1
DA:14,1
DA:15,1
DA:16,1
DA:17,2
DA:18,1
DA:19,1
DA:20,1
DA:22,1
DA:23,1
DA:24,1
DA:27,1
DA:31,1
DA:32,3
DA:33,1
DA:34,1
DA:37,1
DA:41,1
DA:43,1
DA:47,4
DA:48,1
DA:52,1
DA:53,3
DA:54,1
DA:55,1
DA:58,1
DA:61,1
DA:64,1
DA:69,3
DA:70,9
DA:71,3
DA:72,3
DA:75,3
DA:78,3
DA:81,3
DA:83,3
DA:87,12
DA:88,3
LF:41
LH:41
end_of_record
SF:lib/bloc/home/home_state.dart
DA:6,1
DA:11,1
DA:12,3
DA:14,1
DA:15,1
DA:17,1
DA:21,1
DA:25,1
DA:26,0
DA:27,0
LF:10
LH:8
end_of_record
SF:lib/bloc/home/home_bloc.dart
DA:14,3
DA:15,2
DA:17,2
DA:19,1
DA:20,1
DA:21,1
DA:22,1
DA:23,2
DA:24,0
DA:25,0
DA:27,0
DA:28,0
DA:29,0
DA:31,0
DA:32,0
DA:33,0
DA:34,0
DA:35,0
DA:36,0
DA:37,0
DA:38,0
DA:39,0
DA:42,0
DA:43,0
DA:44,0
DA:45,0
DA:48,0
DA:50,4
DA:53,0
LF:29
LH:9
end_of_record
SF:lib/bloc/home/home_event.dart
DA:4,1
DA:11,1
LF:2
LH:2
end_of_record
SF:lib/bloc/mne/mne_bloc.dart
DA:11,6
DA:12,4
DA:15,4
DA:16,10
LF:4
LH:4
end_of_record
SF:lib/bloc/mne/mne_event.dart
DA:4,2
DA:10,2
LF:2
LH:2
end_of_record
SF:lib/bloc/mne/mne_state.dart
DA:7,2
DA:9,2
DA:11,6
DA:13,2
DA:14,2
DA:17,2
DA:18,2
DA:19,2
DA:20,2
LF:9
LH:9
end_of_record
SF:lib/bloc/net/net_state.dart
DA:5,57
DA:7,2
DA:8,4
DA:10,2
DA:14,2
DA:15,2
DA:16,0
DA:20,0
DA:21,0
DA:22,0
DA:23,0
LF:11
LH:6
end_of_record
SF:lib/bloc/net/net_event.dart
DA:4,2
DA:9,2
LF:2
LH:2
end_of_record
SF:lib/bloc/net/net_bloc.dart
DA:14,6
DA:15,4
DA:16,8
LF:3
LH:3
end_of_record
SF:lib/bloc/pass/pass_event.dart
DA:4,4
DA:9,4
LF:2
LH:2
end_of_record
SF:lib/bloc/pass/pass_bloc.dart
DA:11,12
DA:12,8
DA:13,16
LF:3
LH:3
end_of_record
SF:lib/bloc/pass/pass_state.dart
DA:6,4
DA:8,4
DA:10,8
DA:12,4
DA:13,4
DA:16,4
DA:17,4
DA:18,4
LF:8
LH:8
end_of_record
SF:lib/bloc/select/select_state.dart
DA:11,2
DA:13,2
DA:15,8
DA:17,2
DA:19,12
DA:20,2
DA:21,2
DA:22,6
DA:23,4
DA:24,3
DA:27,3
DA:28,2
DA:30,2
DA:33,1
DA:34,1
DA:35,1
DA:36,1
DA:37,0
DA:41,1
DA:43,1
DA:44,7
DA:45,2
DA:46,0
DA:48,3
LF:24
LH:22
end_of_record
SF:lib/bloc/select/select_event.dart
DA:4,2
DA:9,1
DA:14,1
DA:24,1
DA:33,1
LF:5
LH:5
end_of_record
SF:lib/bloc/select/select_bloc.dart
DA:14,6
DA:15,3
DA:16,4
DA:18,3
DA:19,2
DA:21,3
DA:23,1
DA:24,0
DA:26,2
DA:29,2
DA:30,0
DA:33,2
DA:34,0
DA:36,3
DA:38,1
DA:39,1
DA:40,3
DA:41,0
DA:42,0
DA:43,0
DA:45,2
DA:47,2
DA:48,2
DA:49,2
DA:51,7
LF:25
LH:19
end_of_record
SF:lib/bloc/transfer/transfer_event.dart
DA:5,1
DA:12,1
DA:26,0
DA:41,0
LF:4
LH:2
end_of_record
SF:lib/bloc/transfer/transfer_state.dart
DA:8,1
DA:10,0
DA:12,0
DA:14,1
DA:15,1
DA:17,1
DA:18,1
DA:26,0
DA:32,0
DA:33,0
DA:34,0
DA:35,0
DA:36,0
LF:13
LH:5
end_of_record
SF:lib/bloc/transfer/transfer_bloc.dart
DA:20,3
DA:21,2
DA:22,1
DA:23,3
DA:24,1
DA:25,3
DA:26,0
DA:27,0
DA:29,0
DA:30,0
DA:31,0
DA:33,0
DA:34,0
DA:35,0
DA:36,0
DA:40,0
DA:43,1
DA:49,0
DA:50,0
DA:51,0
DA:55,0
DA:57,0
DA:58,0
DA:59,0
DA:60,0
DA:61,0
DA:62,0
DA:64,0
DA:68,0
DA:69,0
DA:70,0
DA:71,0
DA:72,0
DA:73,0
DA:74,0
DA:78,0
DA:79,0
DA:84,0
DA:85,0
DA:87,0
DA:92,0
DA:95,0
DA:96,0
DA:102,0
DA:106,1
DA:107,0
DA:111,0
LF:47
LH:8
end_of_record
SF:lib/common/time.dart
DA:3,2
DA:4,2
DA:7,2
DA:8,1
LF:4
LH:4
end_of_record
SF:lib/common/back.dart
DA:5,0
DA:6,0
DA:8,0
DA:9,0
DA:12,0
LF:5
LH:0
end_of_record
SF:lib/common/encryptKey.dart
DA:12,0
DA:13,0
DA:18,0
DA:19,0
DA:23,0
DA:26,0
DA:27,0
DA:30,0
DA:31,0
DA:32,0
DA:33,0
DA:40,0
DA:43,0
DA:44,0
DA:45,0
DA:48,0
DA:49,0
DA:56,0
DA:57,0
DA:58,0
DA:59,0
DA:60,0
DA:61,0
DA:62,0
DA:63,0
DA:64,0
DA:68,0
DA:69,0
DA:70,0
DA:71,0
DA:72,0
DA:76,0
DA:80,0
DA:81,0
DA:82,0
LF:35
LH:0
end_of_record
SF:lib/common/formatter.dart
DA:6,4
DA:12,1
DA:15,2
DA:16,0
DA:18,3
DA:22,2
DA:23,3
DA:24,2
DA:27,1
DA:28,1
DA:30,4
DA:31,2
DA:34,0
DA:35,0
LF:14
LH:11
end_of_record
SF:lib/pages/address/add.dart
DA:22,1
DA:24,1
DA:35,1
DA:37,1
DA:38,5
DA:39,4
DA:40,1
DA:41,4
DA:42,4
DA:46,0
DA:47,0
DA:48,0
DA:49,0
DA:50,0
DA:53,0
DA:55,0
DA:58,0
DA:59,0
DA:62,0
DA:63,0
DA:69,0
DA:70,0
DA:74,0
DA:75,0
DA:77,0
DA:81,0
DA:82,0
DA:83,0
DA:84,0
DA:85,0
DA:87,0
DA:88,0
DA:89,0
DA:90,0
DA:93,1
DA:94,1
DA:97,0
DA:98,0
DA:99,0
DA:100,0
DA:101,0
DA:102,0
DA:103,0
DA:106,0
DA:107,0
DA:108,0
DA:109,0
DA:113,0
DA:116,0
DA:118,0
DA:119,0
DA:120,0
DA:121,0
DA:123,0
DA:124,0
DA:125,0
DA:129,0
DA:130,0
DA:133,0
DA:135,0
DA:137,0
DA:138,0
DA:140,0
DA:141,0
DA:142,0
DA:143,0
DA:147,0
DA:148,0
DA:149,0
DA:159,0
DA:160,0
DA:161,0
DA:162,0
DA:163,0
DA:165,0
DA:167,0
DA:172,0
DA:173,0
DA:176,1
DA:178,1
DA:179,6
DA:180,2
DA:181,1
DA:182,2
DA:183,2
DA:185,0
DA:186,1
DA:187,1
DA:188,1
DA:189,0
DA:190,1
DA:192,1
DA:194,1
DA:197,1
DA:198,1
DA:199,1
DA:200,1
DA:201,1
DA:202,0
DA:204,1
DA:207,1
DA:208,1
DA:209,1
DA:210,1
DA:211,2
DA:212,0
DA:213,0
DA:214,0
DA:218,1
DA:221,1
DA:222,1
DA:224,1
DA:228,1
LF:113
LH:40
end_of_record
SF:lib/widgets/scaffold.dart
DA:27,26
DA:44,26
DA:46,26
DA:48,72
DA:49,26
DA:50,26
DA:51,26
DA:53,72
DA:55,26
DA:56,26
DA:57,26
DA:61,26
DA:62,25
DA:63,25
DA:64,0
DA:65,0
DA:66,0
DA:68,0
DA:74,25
DA:77,26
DA:79,26
DA:81,26
DA:83,26
DA:84,15
DA:85,15
DA:88,15
DA:89,15
DA:90,15
DA:92,15
DA:93,15
DA:94,15
DA:95,15
DA:96,15
DA:98,6
DA:99,6
DA:104,12
LF:36
LH:32
end_of_record
SF:lib/widgets/field.dart
DA:24,10
DA:40,9
DA:42,9
DA:43,9
DA:44,9
DA:45,9
DA:47,9
DA:48,9
DA:49,18
DA:50,9
DA:52,9
DA:53,9
DA:54,9
DA:58,18
DA:61,9
DA:62,18
DA:64,9
DA:66,9
DA:67,9
DA:68,9
DA:70,9
DA:71,9
DA:72,9
DA:73,9
DA:74,9
DA:75,9
DA:76,9
DA:77,9
DA:78,9
DA:79,9
DA:80,9
DA:81,9
DA:82,9
DA:83,9
DA:85,9
DA:86,18
DA:90,9
DA:91,9
DA:92,9
DA:96,9
DA:97,9
DA:102,0
DA:103,0
DA:104,0
DA:105,0
LF:45
LH:41
end_of_record
SF:lib/widgets/text.dart
DA:11,34
DA:14,34
DA:16,34
DA:17,34
DA:18,34
DA:19,136
DA:23,17
DA:24,17
DA:26,17
DA:31,8
DA:32,8
DA:34,8
DA:35,8
DA:39,2
DA:40,2
DA:43,2
DA:46,2
DA:50,9
DA:52,9
DA:54,9
DA:60,0
DA:61,0
LF:22
LH:20
end_of_record
SF:lib/widgets/dialog.dart
DA:13,4
DA:14,4
DA:16,4
DA:17,4
DA:19,4
DA:21,4
DA:22,4
DA:25,4
DA:27,4
DA:28,4
DA:30,4
DA:42,4
DA:43,4
DA:45,4
DA:46,4
DA:47,4
DA:48,4
DA:52,4
DA:53,4
DA:54,8
DA:55,4
DA:56,4
DA:57,4
DA:63,4
DA:66,4
DA:67,4
DA:68,4
DA:70,4
DA:72,0
DA:73,0
DA:76,4
DA:86,2
DA:87,2
DA:89,2
DA:95,0
DA:96,0
DA:97,0
DA:98,0
DA:101,0
DA:102,0
DA:105,0
DA:107,0
DA:109,0
DA:112,0
DA:113,0
DA:116,0
DA:120,2
DA:122,2
DA:124,2
DA:125,2
DA:126,2
DA:127,2
DA:128,2
DA:131,2
DA:132,2
DA:134,2
DA:137,2
DA:139,2
DA:142,2
DA:144,2
DA:145,2
DA:146,2
DA:147,2
DA:149,2
DA:150,2
DA:151,2
DA:155,0
DA:156,0
DA:159,2
DA:161,2
DA:163,2
DA:164,2
DA:166,2
DA:167,2
DA:168,2
DA:169,2
DA:173,0
DA:174,0
DA:187,2
DA:189,2
DA:191,2
DA:195,2
DA:199,1
DA:201,1
DA:203,1
DA:204,1
DA:205,1
DA:206,1
DA:208,1
DA:209,1
DA:211,2
DA:212,0
DA:213,0
DA:218,1
DA:220,1
DA:225,1
DA:228,1
DA:229,1
DA:232,1
DA:234,1
DA:237,1
DA:240,1
DA:242,1
DA:243,1
DA:244,1
DA:245,1
DA:247,1
DA:248,1
DA:249,1
DA:253,0
DA:254,0
DA:257,1
DA:259,1
DA:261,1
DA:262,1
DA:264,1
DA:265,1
DA:266,1
DA:267,1
DA:271,0
DA:273,0
LF:121
LH:97
end_of_record
SF:lib/pages/address/index.dart
DA:21,2
DA:23,2
DA:31,1
DA:32,3
DA:35,2
DA:37,2
DA:40,2
DA:42,2
DA:43,12
DA:44,4
DA:45,2
DA:46,2
DA:49,2
DA:50,2
DA:51,2
DA:52,2
DA:53,4
DA:55,0
DA:56,0
DA:57,0
DA:62,2
DA:63,2
DA:64,2
DA:65,2
DA:66,2
DA:67,2
DA:68,2
DA:69,2
DA:71,2
DA:72,7
DA:73,2
DA:74,1
DA:75,1
DA:78,1
DA:79,2
DA:80,1
DA:83,1
DA:84,2
DA:87,0
DA:88,0
DA:89,0
DA:90,0
DA:91,0
DA:92,0
DA:93,0
DA:94,0
DA:97,0
DA:98,0
DA:99,0
DA:101,0
DA:102,0
DA:103,0
DA:120,3
DA:121,3
DA:123,6
DA:124,15
DA:125,9
DA:126,3
DA:127,1
DA:128,4
DA:129,1
DA:130,1
DA:134,3
DA:135,3
DA:136,3
DA:137,3
DA:138,3
DA:139,3
DA:141,3
DA:142,3
DA:143,3
DA:146,3
DA:147,3
DA:148,3
DA:149,3
DA:152,3
DA:155,9
DA:156,12
DA:157,3
DA:158,3
DA:163,3
DA:165,3
LF:82
LH:65
end_of_record
SF:lib/pages/other/scan.dart
DA:10,55
DA:13,1
DA:15,1
DA:24,1
DA:26,1
DA:27,1
DA:28,0
DA:32,0
DA:34,0
DA:35,0
DA:36,0
DA:38,0
DA:41,0
DA:44,0
DA:46,0
DA:54,0
DA:55,0
DA:56,0
DA:57,0
DA:59,0
DA:61,0
DA:66,1
DA:68,1
DA:69,1
DA:70,1
DA:71,1
DA:72,1
DA:73,1
DA:75,1
DA:76,0
DA:83,1
DA:88,1
DA:90,1
DA:91,1
DA:92,0
DA:93,0
DA:95,1
LF:37
LH:19
end_of_record
SF:lib/widgets/icons.dart
DA:8,5
DA:9,5
DA:10,5
DA:11,5
DA:12,5
DA:13,5
DA:14,5
DA:17,5
DA:19,5
DA:20,5
DA:23,5
DA:25,5
DA:26,5
LF:13
LH:13
end_of_record
SF:lib/widgets/layout.dart
DA:2,2
DA:3,2
DA:9,7
DA:10,7
DA:17,0
DA:18,0
DA:19,0
DA:20,0
DA:21,0
DA:22,0
DA:23,2
DA:24,2
DA:25,7
DA:26,7
DA:27,0
DA:28,0
DA:29,0
DA:30,0
LF:18
LH:8
end_of_record
SF:lib/pages/wallet/select.dart
DA:23,1
DA:25,1
DA:34,1
DA:36,1
DA:39,0
DA:40,0
DA:41,0
DA:43,0
DA:44,0
DA:45,0
DA:46,0
DA:47,0
DA:48,0
DA:50,0
DA:54,0
DA:55,0
DA:56,0
DA:57,0
DA:59,0
DA:60,0
DA:64,0
DA:66,0
DA:67,0
DA:68,0
DA:69,0
DA:71,0
DA:72,0
DA:73,0
DA:74,0
DA:77,0
DA:78,0
DA:83,0
DA:84,0
DA:85,0
DA:86,0
DA:87,0
DA:90,1
DA:92,1
DA:93,6
DA:94,1
DA:95,1
DA:96,3
DA:97,1
DA:98,1
DA:101,1
DA:102,1
DA:103,1
DA:104,1
DA:105,2
DA:107,1
DA:108,1
DA:109,2
DA:111,1
DA:112,1
DA:114,1
DA:116,1
DA:117,1
DA:118,1
DA:121,1
DA:124,1
DA:125,1
DA:126,1
DA:128,1
DA:129,1
DA:130,1
DA:131,1
DA:132,1
DA:133,0
DA:134,0
DA:135,0
DA:140,1
DA:141,1
DA:142,1
DA:143,1
DA:144,1
DA:147,1
DA:148,1
DA:149,1
DA:150,1
DA:151,0
DA:152,0
DA:153,0
DA:154,0
DA:157,1
DA:158,1
DA:159,0
DA:160,0
DA:161,0
DA:162,0
DA:177,1
DA:178,1
DA:179,1
DA:181,1
DA:182,1
DA:183,1
DA:184,1
DA:186,1
DA:187,1
DA:188,2
DA:189,1
DA:191,1
DA:192,3
DA:193,2
DA:194,2
DA:195,1
DA:196,4
DA:197,1
DA:198,1
DA:199,0
DA:200,0
DA:201,0
DA:203,0
DA:208,0
DA:209,0
DA:210,0
DA:212,0
DA:213,0
DA:214,0
DA:215,0
DA:216,0
DA:217,0
DA:218,0
DA:219,0
DA:220,0
DA:221,0
DA:222,0
DA:225,0
DA:227,0
DA:233,1
DA:237,3
DA:242,1
DA:247,1
DA:248,1
DA:250,1
DA:251,1
DA:252,2
DA:253,1
DA:255,1
DA:256,4
DA:257,2
DA:258,2
DA:259,1
DA:260,5
DA:261,1
DA:262,1
DA:263,0
DA:265,0
DA:269,0
DA:270,0
DA:271,0
DA:272,0
DA:274,0
DA:275,0
DA:276,0
DA:277,0
DA:279,0
DA:280,0
DA:282,0
DA:286,1
DA:287,1
DA:288,1
DA:291,1
DA:292,1
DA:295,1
DA:296,2
DA:297,1
DA:300,3
DA:304,2
DA:313,2
DA:334,2
DA:342,2
DA:344,2
DA:345,4
DA:346,2
DA:347,2
DA:349,2
DA:350,2
DA:351,2
DA:352,2
DA:354,0
DA:356,0
DA:358,2
DA:359,2
DA:360,2
DA:361,2
DA:362,2
DA:365,0
DA:367,0
DA:370,2
DA:371,2
DA:372,2
DA:373,2
DA:375,2
DA:376,2
DA:377,2
DA:378,2
DA:379,5
DA:381,2
DA:388,2
DA:389,2
DA:392,2
DA:393,2
DA:394,2
DA:395,2
LF:204
LH:124
end_of_record
SF:lib/pages/address/net.dart
DA:12,2
DA:14,2
DA:20,2
DA:22,2
DA:25,2
DA:27,2
DA:28,2
DA:30,2
DA:31,2
DA:32,2
DA:33,2
DA:34,2
DA:35,8
DA:38,4
DA:40,2
DA:41,2
DA:42,10
DA:43,4
DA:44,2
DA:45,4
DA:46,6
DA:47,2
DA:50,8
DA:51,2
DA:52,2
DA:53,2
DA:54,2
DA:56,4
DA:58,1
DA:59,2
DA:62,2
DA:66,2
DA:69,2
DA:70,2
DA:71,2
DA:72,0
DA:73,0
DA:75,2
DA:77,6
LF:39
LH:37
end_of_record
SF:lib/widgets/card.dart
DA:9,2
DA:10,2
DA:12,2
DA:13,2
DA:14,2
DA:15,2
DA:24,6
DA:25,6
DA:27,6
DA:28,6
DA:29,6
DA:32,6
DA:33,6
DA:34,18
DA:36,2
DA:37,2
DA:38,2
DA:47,14
DA:48,14
DA:50,14
DA:51,14
DA:52,14
DA:53,14
DA:54,56
DA:55,14
DA:56,14
DA:57,14
DA:58,28
DA:59,14
DA:60,14
DA:63,56
DA:66,14
DA:78,14
DA:79,14
DA:81,14
DA:83,14
DA:84,14
DA:86,14
DA:87,28
DA:88,14
DA:91,14
DA:96,14
LF:42
LH:42
end_of_record
SF:lib/pages/address/select.dart
DA:18,1
DA:20,1
DA:29,0
DA:30,0
DA:33,1
DA:35,1
DA:38,1
DA:40,1
DA:41,6
DA:42,2
DA:43,1
DA:44,1
DA:47,1
DA:48,1
DA:49,1
DA:50,1
DA:51,2
DA:53,0
DA:54,0
DA:55,0
DA:60,1
DA:61,1
DA:62,2
DA:63,4
DA:64,1
DA:67,1
DA:68,2
DA:69,2
DA:70,2
DA:72,0
DA:73,0
DA:74,0
DA:75,0
DA:80,1
DA:83,1
DA:84,1
DA:85,2
DA:86,1
DA:87,2
DA:88,1
DA:89,1
DA:90,1
DA:91,1
DA:93,1
DA:95,1
DA:97,1
DA:98,2
DA:99,1
DA:102,1
DA:103,2
DA:108,1
DA:109,1
DA:110,1
DA:113,0
DA:114,0
DA:117,1
LF:56
LH:45
end_of_record
SF:lib/pages/address/wallet.dart
DA:15,1
DA:16,1
DA:17,2
DA:18,2
DA:19,5
DA:20,5
DA:21,1
DA:25,1
DA:26,1
DA:27,2
DA:28,2
DA:29,5
DA:30,5
DA:31,1
DA:35,1
DA:37,1
DA:39,1
DA:40,1
DA:41,1
DA:42,2
DA:43,1
DA:44,2
DA:45,1
DA:47,1
DA:48,2
DA:49,1
DA:52,1
DA:53,4
DA:54,2
DA:55,1
DA:56,1
DA:57,1
DA:60,1
DA:61,2
DA:62,1
DA:65,3
DA:69,0
DA:70,0
DA:73,1
DA:79,1
DA:80,2
DA:81,1
DA:83,1
DA:84,2
DA:85,1
DA:88,1
DA:89,4
DA:90,2
DA:91,1
DA:92,1
DA:93,1
DA:96,1
DA:97,2
DA:98,1
DA:101,3
DA:104,0
DA:105,0
DA:107,1
LF:58
LH:54
end_of_record
SF:lib/pages/create/import.dart
DA:13,3
DA:16,0
DA:17,0
DA:20,1
DA:22,1
DA:23,2
DA:25,1
DA:26,1
DA:27,1
DA:28,1
DA:29,1
DA:30,1
DA:31,1
DA:32,2
DA:33,2
DA:34,2
DA:36,0
DA:38,1
DA:40,1
DA:43,5
DA:44,2
DA:45,1
DA:46,1
DA:47,2
DA:48,3
DA:49,1
DA:52,1
DA:53,3
DA:54,1
DA:55,1
DA:56,1
DA:57,2
DA:58,2
DA:59,1
DA:61,1
DA:63,0
DA:65,1
LF:37
LH:33
end_of_record
SF:lib/pages/create/importMne.dart
DA:16,1
DA:17,1
DA:26,1
DA:27,3
DA:28,3
DA:29,1
DA:30,2
DA:33,1
DA:34,0
DA:36,2
DA:37,0
DA:41,1
DA:42,1
DA:45,0
DA:52,1
DA:53,3
DA:54,3
DA:55,2
DA:56,3
DA:60,0
DA:61,0
DA:63,0
DA:65,0
DA:70,1
DA:72,2
DA:73,2
DA:74,1
DA:77,1
DA:79,1
DA:81,1
DA:82,1
DA:83,1
DA:84,1
DA:87,1
DA:90,1
DA:91,1
DA:92,1
DA:93,1
DA:94,1
DA:96,1
DA:98,1
DA:101,1
DA:102,1
DA:103,1
DA:104,1
DA:107,1
DA:109,1
DA:110,1
DA:111,1
DA:115,1
DA:116,2
DA:117,0
DA:118,0
DA:119,0
DA:124,1
DA:127,1
DA:128,1
DA:129,1
DA:130,1
DA:132,2
DA:136,1
DA:139,1
DA:140,1
DA:142,1
DA:144,1
DA:147,1
DA:148,1
DA:149,1
DA:151,1
DA:155,1
LF:70
LH:60
end_of_record
SF:lib/pages/create/importPrivateKey.dart
DA:20,1
DA:21,1
DA:30,1
DA:31,3
DA:32,2
DA:34,1
DA:35,2
DA:38,1
DA:39,0
DA:41,1
DA:42,0
DA:44,2
DA:45,0
DA:49,3
DA:51,3
DA:52,1
DA:53,2
DA:54,0
DA:56,0
DA:57,0
DA:58,0
DA:62,0
DA:67,1
DA:68,0
DA:71,2
DA:73,2
DA:74,1
DA:75,1
DA:76,0
DA:81,2
DA:85,0
DA:88,0
DA:94,0
DA:95,0
DA:96,0
DA:98,0
DA:100,0
DA:105,1
DA:107,2
DA:108,2
DA:109,1
DA:112,1
DA:114,1
DA:116,1
DA:117,1
DA:118,1
DA:119,1
DA:121,1
DA:122,1
DA:123,1
DA:124,1
DA:125,1
DA:127,1
DA:129,1
DA:132,1
DA:133,1
DA:134,1
DA:135,1
DA:138,1
DA:140,1
DA:141,1
DA:142,1
DA:146,1
DA:147,2
DA:148,0
DA:149,0
DA:150,0
DA:155,1
DA:158,1
DA:159,1
DA:160,1
DA:164,1
DA:166,0
DA:167,0
DA:171,1
DA:172,1
DA:174,1
DA:176,1
DA:179,1
DA:180,1
DA:182,1
DA:183,1
DA:187,1
LF:83
LH:61
end_of_record
SF:lib/pages/create/mneCheck.dart
DA:17,1
DA:18,1
DA:26,1
DA:28,1
DA:29,2
DA:30,1
DA:31,1
DA:34,1
DA:35,3
DA:38,1
DA:39,3
DA:43,1
DA:45,1
DA:46,5
DA:47,2
DA:48,1
DA:50,1
DA:51,2
DA:52,2
DA:53,2
DA:56,0
DA:57,0
DA:59,1
DA:60,1
DA:61,1
DA:62,1
DA:63,1
DA:64,1
DA:65,1
DA:67,1
DA:68,1
DA:69,1
DA:73,1
DA:74,1
DA:76,1
DA:82,1
DA:83,1
DA:84,1
DA:85,1
DA:88,1
DA:89,1
DA:90,1
DA:91,1
DA:92,1
DA:98,4
DA:99,1
DA:101,2
DA:102,2
DA:108,1
DA:111,1
DA:113,1
DA:118,4
DA:119,1
DA:120,2
DA:121,1
DA:122,2
DA:128,1
LF:57
LH:55
end_of_record
SF:lib/pages/create/mneCreate.dart
DA:19,1
DA:21,1
DA:29,1
DA:30,1
DA:31,1
DA:34,1
DA:36,1
DA:37,2
DA:38,3
DA:39,1
DA:40,1
DA:41,1
DA:42,1
DA:43,1
DA:44,1
DA:47,1
DA:48,1
DA:49,1
DA:51,1
DA:53,1
DA:55,1
DA:58,1
DA:60,1
DA:63,1
DA:64,1
DA:65,1
DA:67,1
DA:69,0
DA:74,1
DA:75,1
DA:76,1
DA:77,0
DA:78,0
DA:79,0
DA:85,1
DA:87,1
DA:88,5
DA:89,2
DA:90,1
DA:91,1
DA:92,0
DA:93,0
DA:96,1
DA:97,1
DA:98,1
DA:99,1
DA:102,1
DA:104,1
DA:106,1
DA:107,1
DA:108,1
DA:112,1
DA:113,1
DA:114,1
DA:116,1
DA:118,0
DA:119,0
DA:120,0
DA:126,1
DA:129,1
DA:131,1
DA:132,1
DA:133,1
DA:135,1
DA:138,1
DA:139,1
DA:140,1
DA:141,2
DA:142,2
DA:145,1
DA:149,1
DA:158,1
DA:159,2
DA:161,2
DA:162,1
DA:164,4
DA:165,1
DA:166,1
DA:168,4
DA:170,1
DA:172,1
DA:174,1
DA:190,3
DA:192,3
DA:194,3
DA:195,1
DA:196,1
DA:197,1
DA:200,3
DA:201,3
DA:202,3
DA:203,3
DA:204,3
DA:205,9
DA:207,3
DA:208,3
DA:213,3
DA:214,3
DA:215,6
DA:216,3
DA:217,3
DA:218,3
DA:219,3
DA:224,3
DA:227,3
DA:228,3
DA:229,3
DA:231,3
LF:108
LH:99
end_of_record
SF:lib/pages/create/warn.dart
DA:9,1
DA:11,1
DA:13,1
DA:14,1
DA:15,0
DA:16,1
DA:18,1
DA:19,1
DA:20,2
DA:22,1
DA:24,1
DA:25,1
DA:26,1
DA:27,1
DA:28,1
DA:29,1
DA:30,1
DA:31,1
DA:32,1
DA:33,1
DA:34,1
DA:35,1
DA:37,1
DA:38,1
DA:40,1
DA:41,1
DA:42,1
DA:50,1
DA:53,1
DA:54,1
DA:55,1
DA:56,1
DA:57,2
DA:58,2
DA:59,2
DA:75,2
DA:76,2
DA:78,2
DA:79,2
DA:80,2
DA:82,2
DA:83,4
DA:84,2
DA:87,2
DA:88,2
DA:89,2
LF:46
LH:45
end_of_record
SF:lib/pages/home/drawer.dart
DA:13,1
DA:15,3
DA:16,3
DA:17,1
DA:19,1
DA:21,1
DA:22,1
DA:25,1
DA:26,1
DA:27,1
DA:30,1
DA:31,1
DA:32,1
DA:33,1
DA:40,1
DA:45,1
DA:48,1
DA:49,1
DA:50,1
DA:51,1
DA:52,1
DA:53,1
DA:54,1
DA:55,1
DA:56,1
DA:59,1
DA:62,1
DA:63,1
DA:64,0
DA:65,0
DA:67,1
DA:70,1
DA:71,2
DA:72,1
DA:73,0
DA:74,0
DA:75,0
DA:77,1
DA:80,4
DA:83,1
DA:84,1
DA:85,0
DA:86,0
DA:88,1
DA:91,1
DA:92,0
DA:93,0
DA:95,1
DA:98,1
DA:99,0
DA:100,0
DA:103,0
DA:105,1
DA:108,1
DA:109,1
DA:110,0
DA:111,0
DA:116,1
DA:117,0
DA:118,0
DA:123,1
DA:124,0
DA:125,0
DA:130,1
DA:131,0
DA:132,0
DA:137,1
DA:138,1
DA:139,1
DA:140,1
DA:141,1
DA:142,1
DA:145,1
DA:147,1
DA:149,1
DA:152,1
DA:156,1
DA:161,1
DA:174,1
DA:176,1
DA:178,1
DA:180,0
DA:181,0
DA:182,0
DA:184,1
DA:185,1
DA:186,1
DA:187,1
DA:188,4
DA:189,1
DA:192,1
DA:193,1
LF:92
LH:69
end_of_record
SF:lib/pages/home/widgets/net.dart
DA:17,1
DA:19,1
DA:20,0
DA:21,0
DA:24,0
DA:25,0
DA:27,0
DA:28,0
DA:29,0
DA:31,0
DA:32,0
DA:33,0
DA:36,0
DA:37,0
DA:39,0
DA:40,0
DA:41,0
DA:42,0
DA:43,0
DA:44,0
DA:45,0
DA:47,0
DA:48,0
DA:49,0
DA:52,0
DA:53,0
DA:54,0
DA:55,0
DA:56,0
DA:57,0
DA:58,0
DA:59,0
DA:60,0
DA:61,0
DA:62,0
DA:63,0
DA:64,0
DA:65,0
DA:66,0
DA:67,0
DA:68,0
DA:69,0
DA:70,0
DA:71,0
DA:73,0
DA:75,0
DA:77,0
DA:78,0
DA:79,0
DA:85,0
DA:88,0
DA:89,0
DA:96,0
DA:97,0
DA:99,0
DA:101,0
DA:105,0
DA:111,0
DA:117,0
DA:120,1
DA:121,1
DA:122,1
DA:123,1
DA:127,3
DA:128,4
DA:129,1
DA:131,1
DA:132,1
DA:135,5
DA:137,1
DA:140,6
LF:71
LH:14
end_of_record
SF:lib/pages/home/widgets/price.dart
DA:13,0
DA:15,0
DA:23,0
DA:25,0
DA:28,0
DA:30,0
DA:31,0
DA:35,0
DA:38,0
DA:41,0
DA:43,0
DA:44,0
DA:45,0
DA:46,0
DA:56,0
DA:59,0
DA:60,0
DA:61,0
DA:62,0
DA:64,0
DA:67,0
LF:21
LH:0
end_of_record
SF:lib/pages/home/widgets/token.dart
DA:22,1
DA:23,2
DA:24,1
DA:25,2
DA:26,2
DA:28,0
DA:29,0
DA:30,0
DA:31,0
DA:35,1
DA:36,1
DA:37,4
DA:38,0
DA:39,4
DA:40,4
DA:41,0
DA:44,1
DA:46,1
DA:47,1
DA:48,1
DA:50,3
DA:51,1
DA:52,1
DA:53,1
DA:54,3
DA:55,1
DA:56,1
DA:59,3
DA:60,1
DA:61,1
DA:62,2
DA:63,1
DA:64,2
DA:65,1
DA:66,2
DA:68,1
DA:71,1
DA:72,1
DA:73,1
DA:77,1
DA:78,3
DA:79,8
DA:80,1
DA:85,0
DA:87,0
DA:88,0
DA:99,0
DA:100,0
DA:102,0
DA:108,0
DA:110,0
DA:111,0
DA:114,0
DA:116,0
DA:119,0
DA:121,0
DA:122,0
DA:123,0
DA:124,0
DA:126,0
DA:127,0
DA:128,0
DA:129,0
DA:130,0
DA:131,0
DA:134,0
DA:135,0
DA:136,0
DA:138,0
DA:139,0
DA:140,0
DA:141,0
DA:146,0
DA:148,0
DA:150,0
DA:151,0
DA:160,0
DA:161,0
DA:163,0
DA:171,0
DA:172,0
DA:173,0
DA:174,0
DA:175,0
DA:177,0
DA:178,0
DA:179,0
DA:180,0
DA:191,0
DA:193,0
DA:196,0
DA:198,0
DA:199,0
DA:200,0
DA:201,0
DA:202,0
DA:203,0
DA:204,0
DA:205,0
DA:206,0
DA:210,0
DA:213,0
DA:214,0
DA:215,0
DA:216,0
DA:217,0
DA:218,0
DA:219,0
DA:220,0
DA:221,0
DA:224,0
DA:225,0
DA:227,0
LF:113
LH:37
end_of_record
SF:lib/widgets/bottomSheet.dart
DA:70,0
DA:82,0
DA:83,0
DA:84,0
DA:85,0
DA:86,0
DA:164,0
DA:165,0
DA:173,0
DA:174,0
DA:186,0
DA:188,0
DA:189,0
DA:192,0
DA:193,0
DA:195,0
DA:196,0
DA:197,0
DA:201,0
DA:202,0
DA:203,0
DA:204,0
DA:205,0
DA:208,0
DA:209,0
DA:210,0
DA:212,0
DA:214,0
DA:215,0
DA:216,0
DA:218,0
DA:221,0
DA:222,0
DA:223,0
DA:226,0
DA:229,0
DA:230,0
DA:237,0
DA:241,0
DA:242,0
DA:243,0
DA:248,0
DA:251,0
DA:253,0
DA:255,0
DA:256,0
DA:258,0
DA:260,0
DA:261,0
DA:266,0
DA:267,0
DA:268,0
DA:271,0
DA:273,0
DA:274,0
DA:275,0
DA:276,0
DA:289,0
DA:294,0
DA:296,0
DA:297,0
DA:298,0
DA:300,0
DA:301,0
DA:302,0
DA:306,0
DA:308,0
DA:311,0
DA:313,0
DA:318,0
DA:327,0
DA:328,0
DA:329,0
DA:339,0
DA:340,0
DA:346,0
DA:347,0
DA:348,0
DA:349,0
DA:351,0
DA:352,0
DA:353,0
DA:354,0
DA:355,0
DA:360,0
DA:362,0
DA:365,0
DA:367,0
DA:368,0
DA:373,0
DA:375,0
DA:376,0
DA:377,0
DA:379,0
DA:380,0
DA:382,0
DA:383,0
DA:384,0
DA:385,0
DA:386,0
DA:387,0
DA:388,0
DA:391,0
DA:392,0
DA:393,0
DA:394,0
DA:395,0
DA:396,0
DA:397,0
DA:398,0
DA:400,0
DA:403,0
DA:404,0
DA:406,0
DA:407,0
DA:412,0
DA:413,0
DA:414,0
DA:415,0
DA:426,0
DA:439,0
DA:440,0
DA:441,0
DA:442,0
DA:455,0
DA:458,0
DA:461,0
DA:462,0
DA:467,0
DA:468,0
DA:472,0
DA:474,0
DA:475,0
DA:476,0
DA:477,0
DA:480,0
DA:484,0
DA:487,0
DA:490,0
DA:492,0
DA:493,0
DA:494,0
DA:496,0
DA:497,0
DA:498,0
DA:499,0
DA:500,0
DA:503,0
DA:528,0
DA:531,0
DA:532,0
DA:542,0
DA:544,0
DA:545,0
DA:547,0
DA:551,0
DA:555,0
DA:556,0
DA:557,0
DA:560,0
DA:562,0
DA:660,0
DA:674,0
DA:675,0
DA:676,0
DA:677,0
DA:678,0
DA:679,0
DA:680,0
DA:681,0
DA:683,0
DA:684,0
DA:686,0
DA:688,0
DA:739,0
DA:747,0
DA:748,0
DA:749,0
DA:751,0
LF:179
LH:0
end_of_record
SF:lib/widgets/fresh.dart
DA:20,1
DA:29,1
DA:31,1
DA:38,1
DA:39,2
DA:40,0
DA:43,3
DA:44,1
DA:45,2
DA:47,0
DA:51,1
DA:53,1
DA:58,4
DA:59,2
DA:60,3
DA:61,0
DA:64,3
DA:65,0
DA:69,0
DA:70,0
DA:71,0
DA:74,0
DA:75,0
DA:76,0
DA:78,0
DA:82,1
DA:84,1
DA:85,1
DA:86,2
DA:87,2
DA:88,1
DA:89,1
DA:90,1
DA:91,1
DA:92,2
DA:93,2
DA:95,2
DA:97,1
DA:98,2
DA:99,0
DA:100,0
DA:101,0
DA:102,0
DA:103,0
DA:104,0
DA:106,0
DA:108,1
DA:112,2
DA:116,1
DA:118,1
DA:119,2
LF:51
LH:33
end_of_record
SF:lib/pages/wallet/main.dart
DA:28,0
DA:30,0
DA:36,0
DA:39,0
DA:40,0
DA:44,0
DA:46,0
DA:47,0
DA:48,0
DA:49,0
DA:55,0
DA:57,0
DA:58,0
DA:61,0
DA:63,0
DA:64,0
DA:67,0
DA:69,0
DA:72,0
DA:73,0
DA:74,0
DA:75,0
DA:77,0
DA:78,0
DA:82,0
DA:84,0
DA:85,0
DA:86,0
DA:87,0
DA:88,0
DA:89,0
DA:90,0
DA:91,0
DA:95,0
DA:96,0
DA:97,0
DA:98,0
DA:102,0
DA:103,0
DA:104,0
DA:106,0
DA:107,0
DA:109,0
DA:110,0
DA:114,0
DA:115,0
DA:116,0
DA:121,0
DA:123,0
DA:124,0
DA:125,0
DA:126,0
DA:129,0
DA:131,0
DA:132,0
DA:133,0
DA:134,0
DA:135,0
DA:136,0
DA:137,0
DA:138,0
DA:139,0
DA:140,0
DA:141,0
DA:142,0
DA:143,0
DA:144,0
DA:147,0
DA:148,0
DA:149,0
DA:150,0
DA:153,0
DA:154,0
DA:155,0
DA:156,0
DA:157,0
DA:158,0
DA:159,0
DA:161,0
DA:162,0
DA:164,0
DA:167,0
DA:168,0
DA:170,0
DA:171,0
DA:172,0
DA:173,0
DA:176,0
DA:179,0
DA:180,0
DA:181,0
DA:182,0
DA:186,0
DA:187,0
DA:189,0
DA:191,0
DA:196,0
DA:197,0
DA:198,0
DA:202,0
DA:203,0
DA:207,0
DA:210,0
DA:211,0
DA:219,0
DA:220,0
DA:221,0
DA:222,0
DA:223,0
DA:224,0
DA:226,0
DA:228,0
DA:229,0
DA:232,0
DA:233,0
DA:234,0
DA:236,0
DA:241,0
DA:242,0
DA:248,0
DA:250,0
DA:251,0
DA:252,0
DA:253,0
DA:258,0
DA:259,0
DA:260,0
DA:261,0
DA:262,0
DA:264,0
DA:267,0
DA:270,0
DA:272,0
DA:274,0
DA:275,0
DA:276,0
DA:277,0
DA:283,0
DA:301,0
DA:303,0
DA:304,0
DA:305,0
DA:306,0
DA:307,0
DA:309,0
DA:318,0
DA:320,0
DA:322,0
DA:324,0
DA:325,0
DA:326,0
DA:327,0
DA:328,0
DA:329,0
DA:332,0
DA:334,0
DA:335,0
DA:336,0
DA:341,0
DA:344,0
DA:345,0
DA:346,0
DA:347,0
DA:348,0
DA:351,0
DA:354,0
DA:356,0
DA:357,0
DA:358,0
DA:374,1
DA:376,1
DA:378,1
DA:379,1
DA:380,1
DA:381,1
DA:382,3
DA:383,4
DA:384,1
DA:385,2
DA:387,0
DA:388,0
DA:389,0
DA:397,0
DA:407,0
DA:408,0
DA:410,0
DA:411,0
DA:413,0
DA:416,0
DA:419,0
DA:421,0
DA:422,0
DA:423,0
LF:193
LH:10
end_of_record
SF:lib/widgets/random.dart
DA:9,1
DA:10,1
DA:11,2
DA:14,3
DA:16,1
DA:17,3
DA:18,1
DA:19,1
DA:20,1
DA:21,4
DA:24,1
DA:25,5
DA:26,5
DA:27,1
DA:28,1
DA:29,1
DA:30,1
DA:31,6
DA:32,6
DA:33,5
DA:37,1
DA:38,3
DA:39,1
DA:40,1
DA:41,1
DA:42,1
DA:43,1
DA:48,1
DA:50,1
DA:52,1
DA:53,1
DA:54,1
DA:55,1
DA:56,4
DA:57,1
DA:59,4
DA:60,2
DA:61,1
DA:62,1
DA:63,1
DA:64,1
DA:65,1
DA:66,1
DA:67,1
DA:68,1
DA:69,2
LF:46
LH:46
end_of_record
SF:lib/pages/init/lang.dart
DA:12,1
DA:13,1
DA:14,2
DA:16,1
DA:17,2
DA:20,5
DA:22,5
DA:23,5
DA:24,5
DA:25,5
DA:26,5
DA:27,5
DA:29,5
DA:30,5
DA:31,5
DA:33,5
DA:35,5
DA:44,5
DA:45,5
DA:46,5
DA:48,5
DA:49,5
DA:50,5
DA:51,5
DA:52,5
DA:57,5
DA:58,5
DA:59,5
DA:61,2
DA:65,5
DA:68,5
DA:69,5
DA:70,5
DA:72,2
DA:76,5
DA:79,5
DA:80,5
DA:81,5
DA:83,2
DA:87,5
DA:90,5
DA:91,5
DA:92,5
DA:94,2
DA:101,5
DA:102,5
DA:107,5
LF:47
LH:47
end_of_record
SF:lib/pages/init/wallet.dart
DA:13,5
DA:15,5
DA:16,5
DA:17,5
DA:18,5
DA:19,5
DA:20,5
DA:22,5
DA:23,5
DA:24,5
DA:25,5
DA:26,5
DA:27,5
DA:30,5
DA:32,0
DA:33,0
DA:38,5
DA:41,5
DA:44,5
DA:53,5
DA:54,5
DA:55,5
DA:57,5
DA:58,5
DA:59,5
DA:60,5
DA:61,5
DA:66,5
DA:67,5
DA:68,5
DA:69,5
DA:70,0
DA:74,5
DA:77,5
DA:78,5
DA:82,5
DA:85,5
DA:86,5
DA:87,5
DA:88,5
DA:89,0
DA:91,5
DA:92,5
DA:93,0
DA:100,5
DA:101,5
DA:106,5
LF:47
LH:42
end_of_record
SF:lib/pages/net/add.dart
DA:23,2
DA:25,2
DA:41,0
DA:43,0
DA:44,0
DA:45,0
DA:46,0
DA:47,0
DA:50,0
DA:51,0
DA:54,0
DA:55,0
DA:58,0
DA:59,0
DA:62,0
DA:63,0
DA:68,0
DA:69,0
DA:70,0
DA:71,0
DA:74,0
DA:78,0
DA:79,0
DA:80,0
DA:83,0
DA:84,0
DA:87,0
DA:89,0
DA:90,0
DA:91,0
DA:92,0
DA:93,0
DA:95,0
DA:96,0
DA:103,0
DA:104,0
DA:105,0
DA:106,0
DA:107,0
DA:108,0
DA:109,0
DA:110,0
DA:111,0
DA:112,0
DA:117,0
DA:119,0
DA:120,0
DA:121,0
DA:122,0
DA:123,0
DA:124,0
DA:126,0
DA:127,0
DA:128,0
DA:129,0
DA:133,0
DA:135,0
DA:144,0
DA:146,0
DA:147,0
DA:148,0
DA:152,4
DA:153,2
DA:155,2
DA:157,4
DA:158,0
DA:159,0
DA:160,0
DA:161,0
DA:162,0
DA:163,0
DA:164,0
DA:168,2
DA:170,2
DA:174,2
DA:176,6
DA:177,2
DA:178,12
DA:179,4
DA:180,2
DA:182,4
DA:183,2
DA:184,0
DA:185,4
DA:186,2
DA:187,2
DA:188,0
DA:189,0
DA:190,0
DA:191,0
DA:192,0
DA:193,0
DA:195,0
DA:196,0
DA:198,0
DA:200,0
DA:201,0
DA:202,0
DA:204,0
DA:205,0
DA:207,0
DA:208,0
DA:209,0
DA:210,0
DA:211,0
DA:212,0
DA:215,0
DA:219,0
DA:222,0
DA:223,0
DA:225,0
DA:227,0
DA:228,0
DA:229,0
DA:230,0
DA:236,2
DA:237,2
DA:239,2
DA:241,2
DA:242,2
DA:243,4
DA:244,2
DA:246,2
DA:247,4
DA:248,2
DA:250,2
DA:251,2
DA:252,2
DA:253,2
DA:254,2
DA:255,2
DA:257,2
DA:259,2
DA:260,2
DA:261,2
DA:262,2
DA:264,2
DA:265,2
DA:266,2
DA:267,2
DA:268,2
DA:269,2
DA:271,2
DA:272,2
DA:273,2
DA:274,2
DA:275,2
DA:276,2
DA:278,2
DA:279,2
DA:280,2
DA:281,2
DA:282,2
DA:283,2
DA:285,2
LF:155
LH:59
end_of_record
SF:lib/pages/net/list.dart
DA:12,1
DA:14,1
DA:20,1
DA:21,3
DA:22,0
DA:26,0
DA:27,0
DA:28,0
DA:29,0
DA:33,1
DA:35,1
DA:38,1
DA:40,1
DA:41,5
DA:42,2
DA:43,1
DA:44,1
DA:45,1
DA:46,2
DA:47,1
DA:48,1
DA:49,1
DA:50,1
DA:51,1
DA:52,1
DA:53,1
DA:55,4
DA:56,2
DA:57,1
DA:58,3
DA:60,1
DA:61,2
DA:62,1
DA:65,4
DA:66,1
DA:67,2
DA:68,1
DA:69,0
DA:70,1
DA:72,1
DA:73,1
DA:74,1
DA:75,1
DA:76,1
DA:77,1
DA:80,1
DA:81,1
DA:82,1
DA:84,0
DA:85,0
DA:86,0
DA:91,1
DA:102,0
DA:107,1
LF:54
LH:44
end_of_record
SF:lib/pages/net/token.dart
DA:16,1
DA:17,1
DA:19,1
DA:29,1
DA:31,1
DA:32,3
DA:33,2
DA:34,0
DA:35,0
DA:37,0
DA:39,0
DA:45,1
DA:47,1
DA:50,0
DA:51,0
DA:54,0
DA:55,0
DA:57,0
DA:58,0
DA:59,0
DA:60,0
DA:61,0
DA:62,0
DA:63,0
DA:65,0
DA:66,0
DA:67,0
DA:70,0
DA:71,0
DA:72,0
DA:73,0
DA:74,0
DA:78,0
DA:79,0
DA:80,0
DA:81,0
DA:82,0
DA:83,0
DA:86,0
DA:87,0
DA:90,0
DA:91,0
DA:94,0
DA:95,0
DA:96,0
DA:97,0
DA:99,0
DA:102,0
DA:103,0
DA:104,0
DA:105,0
DA:106,0
DA:108,0
DA:109,0
DA:110,0
DA:113,1
DA:115,1
DA:116,1
DA:117,1
DA:118,0
DA:119,0
DA:122,1
DA:123,1
DA:124,1
DA:125,1
DA:126,1
DA:127,1
DA:128,2
DA:129,0
DA:130,0
DA:131,0
DA:132,0
DA:134,0
DA:135,0
DA:139,1
DA:141,1
DA:143,1
DA:144,1
DA:146,1
DA:148,1
DA:149,1
DA:152,2
DA:153,1
DA:157,1
LF:84
LH:30
end_of_record
SF:lib/pages/other/lang.dart
DA:8,2
DA:10,2
DA:16,2
DA:17,2
DA:18,2
DA:19,4
DA:21,4
DA:24,2
DA:26,2
DA:27,2
DA:30,2
DA:31,2
DA:32,2
DA:33,2
DA:34,2
DA:35,2
DA:37,4
DA:39,2
DA:41,2
DA:43,2
DA:45,2
DA:47,2
DA:49,2
DA:55,2
LF:24
LH:24
end_of_record
SF:lib/pages/other/lock.dart
DA:16,0
DA:18,0
DA:27,0
DA:29,0
DA:30,0
DA:31,0
DA:32,0
DA:33,0
DA:34,0
DA:37,0
DA:38,0
DA:39,0
DA:40,0
DA:41,0
DA:42,0
DA:45,0
DA:46,0
DA:47,0
DA:57,0
DA:58,0
DA:60,0
DA:61,0
DA:63,0
DA:64,0
DA:65,0
DA:66,0
DA:70,0
DA:72,0
DA:77,0
DA:78,0
DA:80,0
DA:81,0
DA:83,0
DA:84,0
DA:85,0
DA:86,0
DA:87,0
DA:88,0
DA:89,0
DA:90,0
DA:97,0
DA:99,0
DA:105,0
DA:107,0
DA:108,0
DA:109,0
DA:112,0
DA:114,0
DA:116,0
DA:119,0
DA:120,0
DA:123,0
DA:124,0
DA:125,0
DA:127,0
DA:128,0
DA:129,0
DA:133,0
DA:134,0
DA:135,0
DA:136,0
DA:137,0
DA:138,0
DA:139,0
DA:140,0
DA:141,0
DA:142,0
DA:147,0
DA:148,0
DA:149,0
DA:151,0
DA:152,0
DA:153,0
DA:156,0
DA:157,0
DA:158,0
DA:159,0
DA:160,0
DA:161,0
DA:162,0
DA:163,0
DA:164,0
DA:169,0
DA:170,0
DA:172,0
LF:85
LH:0
end_of_record
SF:lib/pages/other/set.dart
DA:12,3
DA:14,3
DA:22,1
DA:23,1
DA:26,3
DA:28,3
DA:29,3
DA:32,3
DA:33,3
DA:34,3
DA:35,3
DA:36,3
DA:37,3
DA:38,3
DA:39,1
DA:40,2
DA:45,3
DA:48,3
DA:49,3
DA:50,3
DA:51,3
DA:52,2
DA:53,4
DA:56,3
DA:57,3
DA:58,1
DA:59,2
DA:62,3
DA:63,3
DA:64,1
DA:65,2
DA:70,3
DA:73,3
DA:74,3
DA:75,3
DA:76,3
DA:77,1
DA:78,2
DA:79,1
DA:82,3
DA:83,3
DA:84,1
DA:85,2
DA:86,1
DA:89,3
DA:90,3
DA:91,3
DA:93,3
DA:100,3
LF:49
LH:49
end_of_record
SF:lib/pages/pass/init.dart
DA:27,1
DA:29,1
DA:47,0
DA:48,0
DA:49,0
DA:50,0
DA:51,0
DA:52,0
DA:53,0
DA:54,0
DA:57,0
DA:58,0
DA:60,0
DA:61,0
DA:68,1
DA:70,1
DA:71,2
DA:72,2
DA:73,2
DA:74,0
DA:76,2
DA:77,2
DA:78,2
DA:79,2
DA:81,2
DA:82,0
DA:83,0
DA:85,0
DA:90,0
DA:91,0
DA:92,0
DA:93,0
DA:94,0
DA:96,0
DA:97,0
DA:98,0
DA:99,0
DA:100,0
DA:104,0
DA:106,0
DA:107,0
DA:108,0
DA:109,0
DA:110,0
DA:112,0
DA:115,0
DA:117,0
DA:120,0
DA:121,0
DA:122,0
DA:123,0
DA:126,0
DA:129,0
DA:130,0
DA:131,0
DA:133,0
DA:135,0
DA:136,0
DA:137,0
DA:138,0
DA:139,0
DA:140,0
DA:143,0
DA:144,0
DA:145,0
DA:148,0
DA:149,0
DA:150,0
DA:151,0
DA:155,0
DA:156,0
DA:157,0
DA:158,0
DA:162,0
DA:164,0
DA:165,0
DA:167,0
DA:169,0
DA:170,0
DA:171,0
DA:172,0
DA:173,0
DA:174,0
DA:177,0
DA:178,0
DA:179,0
DA:180,0
DA:181,0
DA:183,0
DA:184,0
DA:188,0
DA:189,0
DA:190,0
DA:191,0
DA:194,0
DA:195,0
DA:196,0
DA:197,0
DA:200,0
DA:201,0
DA:202,0
DA:203,0
DA:204,0
DA:206,0
DA:207,0
DA:211,0
DA:212,0
DA:217,0
DA:220,1
DA:222,1
DA:224,1
DA:225,1
DA:226,0
DA:227,0
DA:229,1
DA:230,1
DA:231,1
DA:232,2
DA:233,1
DA:234,1
DA:235,1
DA:238,2
DA:240,1
DA:243,1
DA:244,1
DA:245,1
DA:246,1
DA:248,1
DA:249,2
DA:250,1
DA:252,1
DA:255,1
DA:257,1
DA:258,1
DA:259,1
DA:260,1
DA:267,1
DA:270,1
DA:271,1
DA:273,1
DA:277,1
DA:288,4
DA:293,4
DA:295,4
DA:300,0
DA:301,0
DA:304,4
DA:306,4
DA:307,16
DA:308,8
DA:309,4
DA:311,4
DA:312,4
DA:313,4
DA:314,4
DA:315,4
DA:316,8
DA:320,4
DA:325,12
DA:327,4
DA:328,4
DA:329,4
DA:330,4
DA:331,4
DA:332,4
DA:333,4
DA:334,4
DA:335,8
DA:336,4
DA:337,4
DA:338,4
DA:340,8
DA:341,4
DA:343,4
DA:344,4
DA:345,8
DA:347,4
DA:348,8
DA:350,8
DA:352,4
DA:353,4
DA:355,8
DA:358,0
LF:183
LH:82
end_of_record
SF:lib/pages/wallet/widgets/strengthPassword.dart
DA:7,2
DA:22,2
DA:24,2
DA:25,14
DA:26,4
DA:27,7
DA:28,4
DA:29,8
DA:30,12
DA:34,1
LF:10
LH:10
end_of_record
SF:lib/pages/pass/reset.dart
DA:17,1
DA:19,1
DA:32,0
DA:34,0
DA:36,0
DA:40,0
DA:46,1
DA:48,3
DA:49,3
DA:50,3
DA:51,1
DA:52,0
DA:55,1
DA:56,0
DA:59,1
DA:60,0
DA:63,2
DA:64,0
DA:68,1
DA:69,0
DA:72,1
DA:73,1
DA:74,0
DA:76,0
DA:79,0
DA:80,0
DA:82,0
DA:83,0
DA:84,0
DA:85,0
DA:86,0
DA:87,0
DA:88,0
DA:92,0
DA:95,0
DA:98,0
DA:99,0
DA:100,0
DA:101,0
DA:102,0
DA:104,0
DA:107,0
DA:108,0
DA:109,0
DA:111,0
DA:113,0
DA:116,0
DA:117,0
DA:118,0
DA:119,0
DA:123,0
DA:124,0
DA:125,0
DA:126,0
DA:127,0
DA:130,0
DA:131,0
DA:132,0
DA:133,0
DA:135,1
DA:136,1
DA:140,1
DA:142,3
DA:143,3
DA:144,4
DA:146,2
DA:150,1
DA:152,1
DA:153,1
DA:154,1
DA:155,1
DA:157,1
DA:158,1
DA:159,1
DA:160,1
DA:161,1
DA:162,1
DA:163,1
DA:165,1
DA:168,1
DA:169,1
DA:170,1
DA:171,1
DA:173,1
DA:174,2
DA:175,1
DA:177,1
DA:180,1
DA:182,1
DA:183,1
DA:184,1
DA:185,1
DA:192,1
DA:195,1
DA:196,1
DA:197,1
DA:201,1
LF:97
LH:51
end_of_record
SF:lib/pages/transfer/confirm.dart
DA:28,0
DA:29,0
DA:49,0
DA:50,0
DA:51,0
DA:52,0
DA:55,0
DA:56,0
DA:60,0
DA:61,0
DA:62,0
DA:63,0
DA:67,0
DA:69,0
DA:70,0
DA:71,0
DA:72,0
DA:74,0
DA:75,0
DA:77,0
DA:78,0
DA:80,0
DA:81,0
DA:82,0
DA:83,0
DA:84,0
DA:85,0
DA:87,0
DA:88,0
DA:89,0
DA:94,0
DA:96,0
DA:97,0
DA:98,0
DA:99,0
DA:102,0
DA:103,0
DA:104,0
DA:105,0
DA:106,0
DA:107,0
DA:108,0
DA:110,0
DA:112,0
DA:113,0
DA:114,0
DA:116,0
DA:119,0
DA:120,0
DA:121,0
DA:124,0
DA:125,0
DA:127,0
DA:128,0
DA:130,0
DA:134,0
DA:138,0
DA:139,0
DA:140,0
DA:142,0
DA:143,0
DA:144,0
DA:145,0
DA:146,0
DA:147,0
DA:148,0
DA:151,0
DA:161,0
DA:162,0
DA:163,0
DA:164,0
DA:165,0
DA:166,0
DA:167,0
DA:168,0
DA:170,0
DA:171,0
DA:172,0
DA:173,0
DA:176,0
DA:177,0
DA:179,0
DA:180,0
DA:182,0
DA:183,0
DA:184,0
DA:185,0
DA:186,0
DA:187,0
DA:189,0
DA:193,0
DA:195,0
DA:196,0
DA:197,0
DA:198,0
DA:199,0
DA:201,0
DA:202,0
DA:203,0
DA:206,0
DA:207,0
DA:208,0
DA:209,0
DA:210,0
DA:212,0
DA:213,0
DA:214,0
DA:215,0
DA:216,0
DA:221,0
DA:223,0
DA:224,0
DA:225,0
DA:227,0
DA:228,0
DA:229,0
DA:232,0
DA:233,0
DA:237,0
DA:247,0
DA:248,0
DA:251,0
DA:252,0
DA:254,0
DA:262,0
DA:263,0
DA:264,0
DA:266,0
DA:267,0
DA:268,0
DA:271,0
DA:277,0
DA:279,0
DA:280,0
DA:282,0
DA:283,0
DA:292,0
DA:293,0
DA:295,0
DA:296,0
DA:297,0
DA:299,0
DA:300,0
DA:301,0
DA:302,0
DA:306,0
DA:307,0
DA:319,0
DA:321,0
DA:325,0
DA:326,0
DA:328,0
DA:329,0
DA:330,0
DA:332,0
DA:335,0
DA:336,0
DA:337,0
DA:338,0
DA:339,0
DA:340,0
DA:341,0
DA:342,0
DA:343,0
DA:345,0
DA:346,0
DA:348,0
DA:351,0
DA:353,0
DA:355,0
DA:356,0
DA:357,0
DA:359,0
DA:360,0
DA:361,0
DA:362,0
DA:363,0
DA:364,0
DA:368,0
DA:369,0
DA:370,0
DA:374,0
DA:375,0
DA:383,0
DA:385,0
DA:386,0
DA:387,0
DA:388,0
DA:389,0
DA:390,0
DA:391,0
DA:392,0
DA:393,0
DA:394,0
DA:395,0
DA:396,0
DA:397,0
DA:399,0
DA:400,0
DA:401,0
DA:403,0
DA:404,0
DA:405,0
DA:406,0
DA:407,0
DA:408,0
DA:409,0
DA:410,0
DA:413,0
DA:415,0
DA:417,0
DA:418,0
DA:420,0
DA:423,0
DA:424,0
DA:425,0
DA:426,0
DA:427,0
DA:428,0
DA:430,0
DA:432,0
DA:433,0
DA:435,0
DA:437,0
DA:439,0
DA:440,0
DA:443,0
DA:444,0
DA:454,0
DA:455,0
DA:456,0
DA:459,0
DA:460,0
DA:462,0
DA:471,0
DA:473,0
DA:475,0
DA:476,0
DA:478,0
DA:479,0
DA:480,0
DA:482,0
DA:483,0
DA:484,0
DA:485,0
DA:486,0
DA:490,0
DA:492,0
DA:493,0
DA:494,0
DA:495,0
DA:496,0
DA:497,0
DA:498,0
DA:499,0
DA:503,0
DA:504,0
DA:505,0
DA:509,0
DA:515,0
DA:516,0
DA:521,0
DA:523,0
DA:524,0
DA:526,0
LF:265
LH:0
end_of_record
SF:lib/pages/transfer/detail.dart
DA:17,1
DA:18,1
DA:25,1
DA:27,1
DA:28,2
DA:30,1
DA:34,0
DA:35,0
DA:38,1
DA:40,1
DA:42,1
DA:44,1
DA:45,1
DA:46,1
DA:47,1
DA:48,1
DA:49,2
DA:52,1
DA:55,4
DA:56,1
DA:59,1
DA:60,3
DA:61,2
DA:62,1
DA:63,8
DA:65,1
DA:68,2
DA:69,1
DA:70,4
DA:71,1
DA:72,1
DA:74,2
DA:78,1
DA:81,2
DA:82,1
DA:83,1
DA:84,1
DA:86,2
DA:88,1
DA:89,3
DA:90,1
DA:91,1
DA:92,3
DA:95,1
DA:96,4
DA:97,1
DA:98,0
DA:99,0
DA:101,1
DA:105,1
DA:106,1
DA:111,1
DA:112,1
DA:113,1
DA:114,1
DA:115,1
DA:126,1
DA:127,1
DA:128,1
DA:132,2
DA:134,0
DA:135,0
DA:136,0
DA:137,0
DA:138,0
DA:140,3
DA:141,5
DA:149,1
DA:151,1
DA:152,3
DA:155,0
DA:156,0
DA:159,1
DA:161,1
DA:163,1
DA:164,1
DA:166,2
DA:168,0
DA:169,1
DA:170,1
DA:171,1
DA:172,1
DA:173,0
DA:174,1
DA:175,1
DA:176,0
DA:180,1
DA:182,5
DA:194,1
DA:196,1
DA:198,1
DA:199,1
DA:200,1
DA:202,1
DA:203,2
DA:204,1
DA:207,1
DA:208,1
DA:209,0
DA:210,0
DA:211,0
DA:212,0
DA:215,1
DA:216,1
DA:217,1
LF:105
LH:87
end_of_record
SF:lib/pages/transfer/gas.dart
DA:22,1
DA:23,1
DA:40,1
DA:41,3
DA:42,2
DA:43,3
DA:47,1
DA:49,1
DA:50,4
DA:51,0
DA:52,0
DA:53,0
DA:54,4
DA:55,0
DA:56,0
DA:58,1
DA:59,1
DA:61,2
DA:67,1
DA:68,2
DA:69,2
DA:70,5
DA:71,2
DA:72,5
DA:73,4
DA:74,4
DA:75,7
DA:76,5
DA:79,0
DA:80,0
DA:81,0
DA:82,0
DA:83,0
DA:84,0
DA:85,0
DA:87,0
DA:88,0
DA:89,0
DA:92,0
DA:93,0
DA:94,0
DA:98,0
DA:99,0
DA:104,0
DA:105,0
DA:106,0
DA:107,0
DA:108,0
DA:109,0
DA:110,0
DA:111,0
DA:113,0
DA:114,0
DA:116,0
DA:117,0
DA:118,0
DA:120,0
DA:121,0
DA:122,0
DA:129,1
DA:131,2
DA:135,1
DA:138,1
DA:141,1
DA:145,2
DA:146,2
DA:147,4
DA:148,2
DA:149,2
DA:158,0
DA:159,0
DA:160,0
DA:161,0
DA:162,0
DA:165,0
DA:168,0
DA:171,0
DA:175,0
DA:176,0
DA:177,0
DA:178,0
DA:179,0
DA:180,0
DA:184,1
DA:186,3
DA:187,1
DA:188,11
DA:189,2
DA:190,1
DA:191,1
DA:192,1
DA:193,0
DA:194,0
DA:197,0
DA:198,0
DA:200,1
DA:201,2
DA:202,1
DA:203,1
DA:204,1
DA:205,1
DA:206,1
DA:207,1
DA:208,1
DA:209,1
DA:211,1
DA:212,1
DA:213,1
DA:215,1
DA:216,2
DA:217,1
DA:218,5
DA:223,1
DA:229,1
DA:230,2
DA:231,1
DA:235,1
DA:236,1
DA:237,1
DA:238,1
DA:239,1
DA:242,1
DA:243,1
DA:245,1
DA:246,0
DA:247,0
DA:249,1
DA:250,2
DA:253,1
DA:255,1
DA:256,0
DA:257,0
DA:259,1
DA:260,2
DA:267,1
DA:268,2
DA:269,1
DA:270,1
DA:271,1
DA:272,0
DA:273,0
DA:275,2
DA:276,1
DA:277,1
DA:280,1
DA:281,1
DA:282,0
DA:283,0
DA:285,2
DA:286,1
DA:287,1
DA:290,1
DA:291,1
DA:292,0
DA:293,0
DA:295,2
DA:296,1
DA:297,1
DA:303,1
DA:304,2
DA:305,1
DA:306,1
DA:307,1
DA:308,1
DA:309,1
DA:311,1
DA:312,2
DA:316,1
DA:319,1
DA:334,1
DA:335,2
DA:336,0
DA:337,3
DA:340,0
DA:341,0
DA:342,0
DA:343,0
DA:344,0
DA:345,0
DA:347,0
DA:348,0
DA:349,0
DA:351,0
DA:352,0
DA:353,0
DA:354,0
DA:356,0
DA:357,0
DA:359,0
DA:360,0
DA:362,0
DA:363,0
DA:364,0
DA:365,0
DA:367,0
DA:368,0
DA:370,0
DA:371,0
DA:373,0
DA:374,0
DA:375,0
DA:382,0
DA:383,0
DA:384,0
DA:385,0
DA:386,0
DA:387,0
DA:389,0
DA:390,0
DA:391,0
DA:393,0
DA:394,0
DA:395,0
DA:397,0
DA:400,0
DA:401,0
DA:403,0
DA:404,0
DA:405,0
DA:407,0
DA:410,0
DA:411,0
DA:413,0
DA:414,0
DA:415,0
DA:422,1
DA:423,1
DA:424,1
DA:425,1
DA:426,2
DA:427,1
DA:429,1
DA:430,1
DA:431,1
DA:433,1
DA:434,1
DA:435,2
DA:436,1
DA:437,1
DA:438,1
DA:441,1
DA:442,1
DA:444,1
DA:445,1
DA:446,2
DA:458,1
DA:463,0
DA:465,0
DA:466,0
DA:467,0
DA:469,0
DA:472,0
DA:474,0
DA:475,0
DA:476,0
DA:489,1
DA:496,0
DA:498,0
DA:499,0
DA:500,0
DA:502,0
DA:503,0
DA:504,0
DA:505,0
DA:506,0
DA:507,0
DA:510,0
DA:512,0
DA:513,0
DA:515,0
DA:518,0
DA:519,0
DA:520,0
DA:522,0
DA:527,0
DA:528,0
DA:530,0
DA:532,0
DA:533,0
DA:534,0
DA:537,0
DA:538,0
DA:544,0
DA:546,0
DA:547,0
LF:285
LH:130
end_of_record
SF:lib/pages/transfer/transfer.dart
DA:34,1
DA:35,1
DA:56,1
DA:58,1
DA:59,1
DA:60,2
DA:61,0
DA:62,0
DA:64,0
DA:65,0
DA:67,0
DA:68,0
DA:69,0
DA:70,0
DA:72,0
DA:75,0
DA:76,0
DA:81,1
DA:83,3
DA:84,2
DA:85,2
DA:86,1
DA:89,0
DA:91,5
DA:93,1
DA:95,1
DA:96,1
DA:97,1
DA:98,2
DA:99,1
DA:100,8
DA:104,2
DA:105,1
DA:106,0
DA:107,0
DA:108,0
DA:110,0
DA:111,0
DA:112,0
DA:114,0
DA:118,1
DA:120,3
DA:121,1
DA:122,1
DA:123,1
DA:124,1
DA:125,1
DA:126,1
DA:128,1
DA:130,1
DA:133,0
DA:134,1
DA:140,1
DA:141,1
DA:142,1
DA:143,1
DA:145,1
DA:146,1
DA:147,1
DA:148,1
DA:149,1
DA:150,1
DA:151,1
DA:152,2
DA:153,1
DA:155,0
DA:156,0
DA:158,0
DA:159,0
DA:160,0
DA:161,0
DA:163,0
DA:168,1
DA:169,1
DA:170,1
DA:171,2
DA:172,1
DA:173,1
DA:174,1
DA:175,8
DA:176,0
DA:177,1
DA:188,0
DA:189,0
DA:190,0
DA:191,0
DA:192,0
DA:200,0
DA:201,0
DA:202,0
DA:203,0
DA:204,0
DA:205,0
DA:212,0
DA:213,0
DA:214,0
DA:215,0
DA:216,0
DA:222,0
DA:224,0
DA:225,0
DA:226,0
DA:227,0
DA:228,0
DA:229,0
DA:230,0
DA:231,0
DA:232,0
DA:233,0
DA:234,0
DA:236,0
DA:239,0
DA:240,0
DA:244,0
DA:245,0
DA:246,0
DA:247,0
DA:249,0
DA:252,0
DA:265,0
DA:267,0
DA:269,0
DA:270,0
DA:271,0
DA:272,0
DA:273,0
DA:274,0
DA:275,0
DA:278,0
DA:279,0
DA:281,0
DA:282,0
DA:285,0
DA:293,0
DA:294,0
DA:296,0
DA:297,0
DA:298,0
DA:300,0
DA:301,0
DA:302,0
DA:303,0
DA:307,0
DA:308,0
DA:318,0
DA:320,0
DA:321,0
DA:322,0
DA:323,0
DA:326,0
DA:328,0
DA:331,0
DA:332,0
DA:335,0
DA:336,0
DA:339,0
DA:340,0
DA:341,0
DA:346,0
DA:347,0
DA:348,0
DA:350,0
DA:351,0
DA:361,0
DA:362,0
DA:363,0
DA:364,0
DA:370,0
DA:372,0
DA:373,0
DA:374,0
DA:375,0
DA:377,0
DA:379,0
DA:380,0
DA:382,0
DA:383,0
DA:385,0
DA:386,0
DA:388,0
DA:391,0
DA:392,0
DA:394,0
DA:397,0
DA:398,0
DA:399,0
DA:401,0
DA:403,0
DA:405,0
DA:406,0
DA:408,0
DA:409,0
DA:415,0
DA:416,0
DA:417,0
DA:418,0
DA:419,0
DA:422,0
DA:423,0
DA:424,0
DA:426,0
DA:427,0
DA:428,0
DA:431,0
DA:432,0
DA:433,0
DA:434,0
DA:435,0
DA:439,0
DA:442,0
DA:443,0
DA:444,0
DA:445,0
DA:446,0
LF:214
LH:54
end_of_record
SF:lib/pages/wallet/id.dart
DA:17,0
DA:19,0
DA:27,0
DA:29,0
DA:30,0
DA:33,0
DA:35,0
DA:36,0
DA:37,0
DA:40,0
DA:42,0
DA:43,0
DA:45,0
DA:46,0
DA:47,0
DA:48,0
DA:49,0
DA:50,0
DA:52,0
DA:53,0
DA:54,0
DA:55,0
DA:56,0
DA:57,0
DA:58,0
DA:59,0
DA:60,0
DA:61,0
DA:62,0
DA:65,0
DA:66,0
DA:67,0
DA:68,0
DA:69,0
DA:70,0
DA:71,0
DA:72,0
DA:73,0
DA:75,0
DA:76,0
DA:78,0
DA:80,0
DA:82,0
DA:83,0
DA:84,0
DA:85,0
DA:86,0
DA:87,0
DA:88,0
DA:91,0
DA:92,0
DA:93,0
DA:98,0
DA:99,0
DA:100,0
DA:112,0
DA:116,0
DA:117,0
DA:118,0
DA:120,0
DA:121,0
DA:122,0
LF:62
LH:0
end_of_record
SF:lib/pages/wallet/widgets/messageItem.dart
DA:16,1
DA:17,1
DA:18,6
DA:21,1
DA:22,3
DA:25,1
DA:26,3
DA:29,1
DA:30,2
DA:31,3
DA:32,2
DA:35,3
DA:36,1
DA:37,1
DA:38,0
DA:39,0
DA:40,0
DA:42,8
DA:43,2
DA:44,2
DA:48,1
DA:50,1
DA:52,0
DA:53,0
DA:55,1
DA:56,1
DA:57,1
DA:58,1
DA:59,1
DA:61,2
DA:63,1
DA:65,0
DA:68,1
DA:70,1
DA:72,1
DA:75,1
DA:76,2
DA:77,1
DA:78,1
DA:79,0
DA:80,1
DA:81,1
DA:82,0
DA:83,0
DA:84,0
DA:87,2
DA:90,1
DA:91,1
DA:93,1
LF:49
LH:39
end_of_record
SF:lib/pages/wallet/manage.dart
DA:21,1
DA:23,1
DA:32,1
DA:33,3
DA:36,1
DA:37,2
DA:40,1
DA:41,1
DA:42,2
DA:43,1
DA:44,4
DA:45,2
DA:47,1
DA:49,1
DA:50,1
DA:51,1
DA:52,1
DA:53,1
DA:56,1
DA:57,1
DA:59,1
DA:61,1
DA:63,1
DA:66,1
DA:68,1
DA:69,1
DA:70,1
DA:71,1
DA:73,1
DA:74,1
DA:75,1
DA:79,0
DA:80,0
DA:83,1
DA:85,1
DA:87,1
DA:88,1
DA:90,1
DA:91,1
DA:92,1
DA:93,1
DA:97,1
DA:98,3
DA:99,1
DA:100,0
DA:103,2
DA:104,0
DA:107,2
DA:108,3
DA:109,0
DA:110,0
DA:113,6
DA:114,2
DA:117,1
DA:118,2
DA:119,1
DA:120,2
DA:121,2
DA:130,1
DA:132,1
DA:133,1
DA:134,1
DA:135,1
DA:136,1
DA:139,1
DA:140,1
DA:141,1
DA:155,1
DA:156,1
DA:157,1
DA:158,1
DA:159,0
DA:160,0
DA:161,0
DA:162,0
DA:163,0
DA:164,0
DA:166,1
DA:167,1
DA:168,0
DA:169,0
DA:171,0
DA:172,0
DA:174,0
DA:176,0
DA:179,3
DA:180,1
DA:182,1
DA:187,1
DA:188,1
DA:189,1
DA:190,1
DA:191,2
DA:196,1
DA:197,1
DA:198,2
DA:199,0
DA:200,0
DA:206,0
DA:207,0
DA:208,0
DA:209,0
DA:212,0
DA:213,0
DA:216,0
DA:217,0
DA:218,0
DA:219,0
DA:220,0
DA:221,0
DA:222,0
DA:227,0
DA:230,0
DA:236,1
DA:237,1
DA:238,1
DA:239,1
DA:242,1
DA:243,1
DA:244,1
DA:245,1
DA:248,1
DA:251,1
DA:252,1
DA:255,1
DA:256,2
DA:262,1
DA:264,1
DA:265,8
DA:266,1
DA:267,1
DA:270,1
DA:271,1
DA:272,1
DA:273,2
DA:274,1
LF:136
LH:101
end_of_record
SF:lib/pages/wallet/mne.dart
DA:16,1
DA:18,1
DA:25,0
DA:26,0
DA:29,0
DA:30,0
DA:32,1
DA:33,1
DA:34,1
DA:37,1
DA:39,1
DA:40,1
DA:41,1
DA:42,1
DA:43,0
DA:44,0
DA:45,0
DA:51,1
DA:53,3
DA:54,1
DA:55,4
DA:56,2
DA:57,1
DA:58,1
DA:60,1
DA:61,0
DA:62,0
DA:64,1
DA:65,1
DA:66,1
DA:67,1
DA:110,0
DA:111,0
DA:113,0
DA:114,0
DA:115,0
DA:116,0
DA:117,0
DA:118,0
DA:119,0
DA:122,0
DA:123,0
DA:126,0
DA:129,0
DA:137,2
DA:138,2
DA:140,4
DA:141,2
DA:142,2
DA:144,2
DA:145,2
DA:146,2
DA:147,2
DA:150,2
DA:151,2
DA:152,2
DA:155,2
DA:156,2
DA:157,2
DA:160,2
DA:161,2
DA:162,2
DA:165,2
DA:168,2
DA:169,2
DA:170,2
DA:171,2
DA:172,1
DA:173,2
DA:174,1
DA:176,1
DA:177,1
DA:178,1
DA:179,1
DA:180,1
DA:186,3
DA:187,1
DA:188,1
DA:189,0
DA:197,2
LF:80
LH:57
end_of_record
SF:lib/pages/wallet/private.dart
DA:13,1
DA:15,1
DA:23,0
DA:24,0
DA:27,0
DA:28,0
DA:31,1
DA:32,1
DA:33,1
DA:36,1
DA:38,1
DA:39,1
DA:40,1
DA:41,1
DA:42,0
DA:43,0
DA:44,0
DA:51,1
DA:53,3
DA:54,1
DA:55,1
DA:56,1
DA:57,4
DA:58,2
DA:59,1
DA:60,1
DA:62,1
DA:63,0
DA:64,0
DA:66,1
DA:67,1
DA:68,1
LF:32
LH:23
end_of_record
SF:lib/pages/wallet/qr_code.dart
DA:17,5
DA:18,1
DA:20,3
DA:21,1
DA:22,1
DA:24,1
DA:26,1
DA:27,1
DA:28,0
DA:29,0
DA:31,1
DA:33,1
DA:37,1
DA:38,1
DA:39,1
DA:40,1
DA:41,1
DA:42,1
DA:43,1
DA:44,1
DA:45,1
DA:46,1
DA:47,1
DA:48,3
DA:49,2
DA:52,1
DA:54,1
DA:55,1
DA:56,1
DA:57,1
DA:58,1
DA:59,1
DA:66,1
DA:67,1
DA:69,2
DA:73,1
DA:74,1
DA:75,1
DA:76,1
DA:77,1
DA:78,1
DA:79,1
DA:81,1
DA:82,1
DA:83,1
DA:84,1
DA:85,1
DA:86,1
DA:88,1
DA:89,1
DA:91,1
DA:92,1
DA:95,1
DA:96,1
DA:100,0
DA:101,0
DA:102,0
DA:106,1
DA:109,1
DA:111,1
DA:112,1
DA:113,1
DA:115,1
DA:116,1
DA:118,1
DA:119,1
DA:122,1
DA:123,1
DA:127,0
DA:128,0
DA:138,1
DA:139,1
DA:140,1
DA:142,1
DA:143,2
DA:144,1
DA:147,1
LF:77
LH:70
end_of_record
